

Microchip Technology PIC LITE Macro Assembler V1.36 build -262312587 
                                                                                               Thu Apr 13 18:41:02 2023

Microchip Technology Omniscient Code Generator v1.36 (Free mode) build 201601150325
     1                           	processor	16F887
     2                           	opt	pw 120
     3                           	opt	lm
     4                           	psect	cinit,global,class=CODE,merge=1,delta=2
     5                           	psect	bssCOMMON,global,class=COMMON,space=1,delta=1
     6                           	psect	cstackCOMMON,global,class=COMMON,space=1,delta=1
     7                           	psect	maintext,global,class=CODE,split=1,delta=2
     8                           	psect	text1,local,class=CODE,merge=1,delta=2
     9                           	psect	intentry,global,class=CODE,delta=2
    10                           	dabs	1,0x7E,2
    11  0000                     	;# 
    12  0001                     	;# 
    13  0002                     	;# 
    14  0003                     	;# 
    15  0004                     	;# 
    16  0005                     	;# 
    17  0006                     	;# 
    18  0007                     	;# 
    19  0008                     	;# 
    20  0009                     	;# 
    21  000A                     	;# 
    22  000B                     	;# 
    23  000C                     	;# 
    24  000D                     	;# 
    25  000E                     	;# 
    26  000E                     	;# 
    27  000F                     	;# 
    28  0010                     	;# 
    29  0011                     	;# 
    30  0012                     	;# 
    31  0013                     	;# 
    32  0014                     	;# 
    33  0015                     	;# 
    34  0015                     	;# 
    35  0016                     	;# 
    36  0017                     	;# 
    37  0018                     	;# 
    38  0019                     	;# 
    39  001A                     	;# 
    40  001B                     	;# 
    41  001B                     	;# 
    42  001C                     	;# 
    43  001D                     	;# 
    44  001E                     	;# 
    45  001F                     	;# 
    46  0081                     	;# 
    47  0085                     	;# 
    48  0086                     	;# 
    49  0087                     	;# 
    50  0088                     	;# 
    51  0089                     	;# 
    52  008C                     	;# 
    53  008D                     	;# 
    54  008E                     	;# 
    55  008F                     	;# 
    56  0090                     	;# 
    57  0091                     	;# 
    58  0092                     	;# 
    59  0093                     	;# 
    60  0093                     	;# 
    61  0093                     	;# 
    62  0094                     	;# 
    63  0095                     	;# 
    64  0096                     	;# 
    65  0097                     	;# 
    66  0098                     	;# 
    67  0099                     	;# 
    68  009A                     	;# 
    69  009B                     	;# 
    70  009C                     	;# 
    71  009D                     	;# 
    72  009E                     	;# 
    73  009F                     	;# 
    74  0105                     	;# 
    75  0107                     	;# 
    76  0108                     	;# 
    77  0109                     	;# 
    78  010C                     	;# 
    79  010C                     	;# 
    80  010D                     	;# 
    81  010E                     	;# 
    82  010F                     	;# 
    83  0185                     	;# 
    84  0187                     	;# 
    85  0188                     	;# 
    86  0189                     	;# 
    87  018C                     	;# 
    88  018D                     	;# 
    89  000B                     _INTCON	set	11
    90  000B                     _INTCONbits	set	11
    91  0005                     _PORTA	set	5
    92  0006                     _PORTB	set	6
    93  0007                     _PORTC	set	7
    94  0008                     _PORTD	set	8
    95  0009                     _PORTE	set	9
    96  0001                     _TMR0	set	1
    97  0040                     _RD0	set	64
    98  0041                     _RD1	set	65
    99  0081                     _OPTION_REG	set	129
   100  0085                     _TRISA	set	133
   101  0086                     _TRISB	set	134
   102  0087                     _TRISC	set	135
   103  0088                     _TRISD	set	136
   104  0089                     _TRISE	set	137
   105  0188                     _ANSEL	set	392
   106  0189                     _ANSELH	set	393
   107                           
   108                           ; #config settings
   109  0000                     
   110                           	psect	cinit
   111  0015                     start_initialization:	
   112  0015                     __initialization:	
   113                           
   114                           ; Clear objects allocated to COMMON
   115  0015  01F8               	clrf	__pbssCOMMON& (0+127)
   116  0016                     end_of_initialization:	
   117                           ;End of C runtime variable initialization code
   118                           
   119  0016                     __end_of__initialization:	
   120  0016  0183               	clrf	3
   121  0017  120A  118A  281A   	ljmp	_main	;jump to C main() function
   122                           
   123                           	psect	bssCOMMON
   124  0078                     __pbssCOMMON:	
   125  0078                     _conta:	
   126  0078                     	ds	1
   127                           
   128                           	psect	cstackCOMMON
   129  0070                     __pcstackCOMMON:	
   130  0070                     ?_main:	
   131  0070                     ?_ISR:	
   132                           ; 1 bytes @ 0x0
   133                           
   134  0070                     ??_ISR:	
   135                           ; 1 bytes @ 0x0
   136                           
   137                           
   138                           ; 1 bytes @ 0x0
   139  0070                     	ds	5
   140  0075                     ??_main:	
   141                           
   142                           ; 1 bytes @ 0x5
   143  0075                     	ds	3
   144                           
   145                           	psect	maintext
   146  001A                     __pmaintext:	
   147 ;;
   148 ;;Main: autosize = 0, tempsize = 3, incstack = 0, save=0
   149 ;;
   150 ;; *************** function _main *****************
   151 ;; Defined at:
   152 ;;		line 31 in file "main.c"
   153 ;; Parameters:    Size  Location     Type
   154 ;;		None
   155 ;; Auto vars:     Size  Location     Type
   156 ;;		None
   157 ;; Return value:  Size  Location     Type
   158 ;;                  1    wreg      void 
   159 ;; Registers used:
   160 ;;		wreg, status,2
   161 ;; Tracked objects:
   162 ;;		On entry : B00/0
   163 ;;		On exit  : 0/0
   164 ;;		Unchanged: 0/0
   165 ;; Data sizes:     COMMON   BANK0   BANK1   BANK3   BANK2
   166 ;;      Params:         0       0       0       0       0
   167 ;;      Locals:         0       0       0       0       0
   168 ;;      Temps:          3       0       0       0       0
   169 ;;      Totals:         3       0       0       0       0
   170 ;;Total ram usage:        3 bytes
   171 ;; Hardware stack levels required when called:    1
   172 ;; This function calls:
   173 ;;		Nothing
   174 ;; This function is called by:
   175 ;;		Startup code after reset
   176 ;; This function uses a non-reentrant model
   177 ;;
   178                           
   179                           
   180                           ;psect for function _main
   181  001A                     _main:	
   182                           
   183                           ;main.c: 33: PORTA = 0x00;
   184                           
   185                           ;incstack = 0
   186                           ; Regs used in _main: [wreg+status,2]
   187  001A  1283               	bcf	3,5	;RP0=0, select bank0
   188  001B  1303               	bcf	3,6	;RP1=0, select bank0
   189  001C  0185               	clrf	5	;volatile
   190                           
   191                           ;main.c: 34: PORTB = 0x00;
   192  001D  0186               	clrf	6	;volatile
   193                           
   194                           ;main.c: 35: PORTC = 0x00;
   195  001E  0187               	clrf	7	;volatile
   196                           
   197                           ;main.c: 36: PORTD = 0x00;
   198  001F  0188               	clrf	8	;volatile
   199                           
   200                           ;main.c: 37: PORTE = 0x00;
   201  0020  0189               	clrf	9	;volatile
   202                           
   203                           ;main.c: 39: TRISA = 0b00000000;
   204  0021  1683               	bsf	3,5	;RP0=1, select bank1
   205  0022  1303               	bcf	3,6	;RP1=0, select bank1
   206  0023  0185               	clrf	5	;volatile
   207                           
   208                           ;main.c: 40: TRISB = 0b00000000;
   209  0024  0186               	clrf	6	;volatile
   210                           
   211                           ;main.c: 41: TRISC = 0b00000000;
   212  0025  0187               	clrf	7	;volatile
   213                           
   214                           ;main.c: 42: TRISD = 0b00000000;
   215  0026  0188               	clrf	8	;volatile
   216                           
   217                           ;main.c: 43: TRISE = 0b00000000;
   218  0027  0189               	clrf	9	;volatile
   219                           
   220                           ;main.c: 45: ANSEL = 0x00;
   221  0028  1683               	bsf	3,5	;RP0=1, select bank3
   222  0029  1703               	bsf	3,6	;RP1=1, select bank3
   223  002A  0188               	clrf	8	;volatile
   224                           
   225                           ;main.c: 46: ANSELH = 0x00;
   226  002B  0189               	clrf	9	;volatile
   227                           
   228                           ;main.c: 48: OPTION_REG = 0b10000011;
   229  002C  3083               	movlw	131
   230  002D  1683               	bsf	3,5	;RP0=1, select bank1
   231  002E  1303               	bcf	3,6	;RP1=0, select bank1
   232  002F  0081               	movwf	1	;volatile
   233                           
   234                           ;main.c: 49: INTCON = 0b10100000;
   235  0030  30A0               	movlw	160
   236  0031  008B               	movwf	11	;volatile
   237                           
   238                           ;main.c: 50: TMR0 = 6;
   239  0032  3006               	movlw	6
   240  0033  1283               	bcf	3,5	;RP0=0, select bank0
   241  0034  1303               	bcf	3,6	;RP1=0, select bank0
   242  0035  0081               	movwf	1	;volatile
   243  0036                     l519:	
   244                           ;main.c: 52: while (1)
   245                           
   246                           
   247                           ;main.c: 53: {
   248                           ;main.c: 54: RD1^=1;
   249  0036  1283               	bcf	3,5	;RP0=0, select bank0
   250  0037  1303               	bcf	3,6	;RP1=0, select bank0
   251  0038  3002               	movlw	2
   252  0039  0688               	xorwf	8,f
   253                           
   254                           ;main.c: 55: _delay((unsigned long)((500)*(4000000/4000.0)));
   255  003A  3003               	movlw	3
   256  003B  00F7               	movwf	??_main+2
   257  003C  308A               	movlw	138
   258  003D  00F6               	movwf	??_main+1
   259  003E  3056               	movlw	86
   260  003F  00F5               	movwf	??_main
   261  0040                     u47:	
   262  0040  0BF5               	decfsz	??_main,f
   263  0041  2840               	goto	u47
   264  0042  0BF6               	decfsz	??_main+1,f
   265  0043  2840               	goto	u47
   266  0044  0BF7               	decfsz	??_main+2,f
   267  0045  2840               	goto	u47
   268  0046  2847               	nop2
   269  0047  2836               	goto	l519
   270  0048                     __end_of_main:	
   271                           
   272                           	psect	text1
   273  0048                     __ptext1:	
   274 ;; *************** function _ISR *****************
   275 ;; Defined at:
   276 ;;		line 62 in file "main.c"
   277 ;; Parameters:    Size  Location     Type
   278 ;;		None
   279 ;; Auto vars:     Size  Location     Type
   280 ;;		None
   281 ;; Return value:  Size  Location     Type
   282 ;;                  1    wreg      void 
   283 ;; Registers used:
   284 ;;		wreg, status,2, status,0
   285 ;; Tracked objects:
   286 ;;		On entry : 0/0
   287 ;;		On exit  : 0/0
   288 ;;		Unchanged: 0/0
   289 ;; Data sizes:     COMMON   BANK0   BANK1   BANK3   BANK2
   290 ;;      Params:         0       0       0       0       0
   291 ;;      Locals:         0       0       0       0       0
   292 ;;      Temps:          5       0       0       0       0
   293 ;;      Totals:         5       0       0       0       0
   294 ;;Total ram usage:        5 bytes
   295 ;; Hardware stack levels used:    1
   296 ;; This function calls:
   297 ;;		Nothing
   298 ;; This function is called by:
   299 ;;		Interrupt level 1
   300 ;; This function uses a non-reentrant model
   301 ;;
   302                           
   303                           
   304                           ;psect for function _ISR
   305  0048                     _ISR:	
   306                           
   307                           ;main.c: 64: if (INTCONbits.T0IE && INTCONbits.T0IF)
   308  0048  1A8B               	btfsc	11,5	;volatile
   309  0049  1D0B               	btfss	11,2	;volatile
   310  004A  2859               	goto	i1l51
   311                           
   312                           ;main.c: 65: {
   313                           ;main.c: 66: TMR0 = 6;
   314  004B  3006               	movlw	6
   315  004C  0081               	movwf	1	;volatile
   316                           
   317                           ;main.c: 67: INTCONbits.T0IF = 0;
   318  004D  110B               	bcf	11,2	;volatile
   319                           
   320                           ;main.c: 69: conta++;
   321  004E  3001               	movlw	1
   322  004F  00F0               	movwf	??_ISR
   323  0050  0870               	movf	??_ISR,w
   324  0051  07F8               	addwf	_conta,f
   325                           
   326                           ;main.c: 71: if (conta >= 125)
   327  0052  307D               	movlw	125
   328  0053  0278               	subwf	_conta,w
   329  0054  1C03               	skipc
   330  0055  2859               	goto	i1l51
   331                           
   332                           ;main.c: 72: {
   333                           ;main.c: 73: RD0=~RD0;
   334  0056  3001               	movlw	1
   335  0057  0688               	xorwf	8,f
   336                           
   337                           ;main.c: 74: conta=0;
   338  0058  01F8               	clrf	_conta
   339  0059                     i1l51:	
   340  0059  0874               	movf	??_ISR+4,w
   341  005A  00FF               	movwf	127
   342  005B  0873               	movf	??_ISR+3,w
   343  005C  008A               	movwf	10
   344  005D  0872               	movf	??_ISR+2,w
   345  005E  0084               	movwf	4
   346  005F  0E71               	swapf	(??_ISR+1)^(0+-128),w
   347  0060  0083               	movwf	3
   348  0061  0EFE               	swapf	126,f
   349  0062  0E7E               	swapf	126,w
   350  0063  0009               	retfie
   351  0064                     __end_of_ISR:	
   352  007E                     btemp	set	126	;btemp
   353  007E                     wtemp	set	126
   354  007E                     wtemp0	set	126
   355  0080                     wtemp1	set	128
   356  0082                     wtemp2	set	130
   357  0084                     wtemp3	set	132
   358  0086                     wtemp4	set	134
   359  0088                     wtemp5	set	136
   360  007F                     wtemp6	set	127
   361  007E                     ttemp	set	126
   362  007E                     ttemp0	set	126
   363  0081                     ttemp1	set	129
   364  0084                     ttemp2	set	132
   365  0087                     ttemp3	set	135
   366  007F                     ttemp4	set	127
   367  007E                     ltemp	set	126
   368  007E                     ltemp0	set	126
   369  0082                     ltemp1	set	130
   370  0086                     ltemp2	set	134
   371  0080                     ltemp3	set	128
   372                           
   373                           	psect	intentry
   374  0004                     __pintentry:	
   375                           ;incstack = 0
   376                           ; Regs used in _ISR: [wreg+status,2+status,0]
   377                           
   378  0004                     interrupt_function:	
   379  007E                     saved_w	set	btemp
   380  0004  00FE               	movwf	btemp
   381  0005  0E03               	swapf	3,w
   382  0006  00F1               	movwf	??_ISR+1
   383  0007  0804               	movf	4,w
   384  0008  00F2               	movwf	??_ISR+2
   385  0009  080A               	movf	10,w
   386  000A  00F3               	movwf	??_ISR+3
   387  000B  1283               	bcf	3,5	;RP0=0, select bank0
   388  000C  1303               	bcf	3,6	;RP1=0, select bank0
   389  000D  087F               	movf	btemp+1,w
   390  000E  00F4               	movwf	??_ISR+4
   391  000F  120A  118A  2848   	ljmp	_ISR


Data Sizes:
    Strings     0
    Constant    0
    Data        0
    BSS         1
    Persistent  0
    Stack       0

Auto Spaces:
    Space          Size  Autos    Used
    COMMON           14      8       9
    BANK0            80      0       0
    BANK1            80      0       0
    BANK3            96      0       0
    BANK2            96      0       0

Pointer List with Targets:

    None.

Critical Paths under _main in COMMON

    None.

Critical Paths under _ISR in COMMON

    None.

Critical Paths under _main in BANK0

    None.

Critical Paths under _ISR in BANK0

    None.

Critical Paths under _main in BANK1

    None.

Critical Paths under _ISR in BANK1

    None.

Critical Paths under _main in BANK3

    None.

Critical Paths under _ISR in BANK3

    None.

Critical Paths under _main in BANK2

    None.

Critical Paths under _ISR in BANK2

    None.

Call Graph Tables:

 ---------------------------------------------------------------------------------
 (Depth) Function   	        Calls       Base Space   Used Autos Params    Refs
 ---------------------------------------------------------------------------------
 (0) _main                                                 3     3      0       0
                                              5 COMMON     3     3      0
 ---------------------------------------------------------------------------------
 Estimated maximum stack depth 0
 ---------------------------------------------------------------------------------
 (Depth) Function   	        Calls       Base Space   Used Autos Params    Refs
 ---------------------------------------------------------------------------------
 (1) _ISR                                                  5     5      0       0
                                              0 COMMON     5     5      0
 ---------------------------------------------------------------------------------
 Estimated maximum stack depth 1
 ---------------------------------------------------------------------------------

 Call Graph Graphs:

 _main (ROOT)

 _ISR (ROOT)

 Address spaces:
Name               Size   Autos  Total    Cost      Usage
BITCOMMON            E      0       0       0        0.0%
EEDATA             100      0       0       0        0.0%
NULL                 0      0       0       0        0.0%
CODE                 0      0       0       0        0.0%
COMMON               E      8       9       1       64.3%
BITSFR0              0      0       0       1        0.0%
SFR0                 0      0       0       1        0.0%
BITSFR1              0      0       0       2        0.0%
SFR1                 0      0       0       2        0.0%
STACK                0      0       0       2        0.0%
ABS                  0      0       9       3        0.0%
BITBANK0            50      0       0       4        0.0%
BITSFR3              0      0       0       4        0.0%
SFR3                 0      0       0       4        0.0%
BANK0               50      0       0       5        0.0%
BITSFR2              0      0       0       5        0.0%
SFR2                 0      0       0       5        0.0%
BITBANK1            50      0       0       6        0.0%
BANK1               50      0       0       7        0.0%
BITBANK3            60      0       0       8        0.0%
BANK3               60      0       0       9        0.0%
BITBANK2            60      0       0      10        0.0%
BANK2               60      0       0      11        0.0%
DATA                 0      0       9      12        0.0%


Microchip Technology PIC Macro Assembler V1.36 build -262312587 
Symbol Table                                                                                   Thu Apr 13 18:41:02 2023

             __CFG_CP$OFF 0000                        u47 0040                       l519 0036  
                     _RD0 0040                       _RD1 0041              __CFG_CPD$OFF 0000  
                     _ISR 0048                       fsr0 0004              __CFG_LVP$OFF 0000  
                    ?_ISR 0070                      i1l51 0059                      _TMR0 0001  
            __CFG_WRT$OFF 0000                      _main 001A                      btemp 007E  
                    ltemp 007E                      start 0012                      ttemp 007E  
                    wtemp 007E             __CFG_IESO$OFF 0000                     ??_ISR 0070  
                   ?_main 0070             __CFG_WDTE$OFF 0000                     _ANSEL 0188  
                   _PORTA 0005                     _PORTB 0006                     _PORTC 0007  
                   _PORTD 0008                     _PORTE 0009                     _TRISA 0085  
                   _TRISB 0086                     _TRISC 0087                     _TRISD 0088  
                   _TRISE 0089            __CFG_FCMEN$OFF 0000                     _conta 0078  
          __CFG_BOREN$OFF 0000                     pclath 000A                     ltemp0 007E  
                   ltemp1 0082                     ltemp2 0086                     ltemp3 0080  
                   ttemp0 007E                     ttemp1 0081                     ttemp2 0084  
                   ttemp3 0087                     ttemp4 007F                     status 0003  
                   wtemp0 007E                     wtemp1 0080                     wtemp2 0082  
                   wtemp3 0084                     wtemp4 0086                     wtemp5 0088  
                   wtemp6 007F            __CFG_MCLRE$OFF 0000           __initialization 0015  
            __end_of_main 0048                    ??_main 0075                    _ANSELH 0189  
                  _INTCON 000B            __CFG_PWRTE$OFF 0000                    saved_w 007E  
 __end_of__initialization 0016            __pcstackCOMMON 0070                __pmaintext 001A  
              __pintentry 0004                   __ptext1 0048              __size_of_ISR 001C  
    end_of_initialization 0016       start_initialization 0015               __end_of_ISR 0064  
__CFG_FOSC$INTRC_NOCLKOUT 0000               __pbssCOMMON 0078                 ___latbits 0002  
       interrupt_function 0004         __CFG_BOR4V$BOR40V 0000             __size_of_main 002E  
              _INTCONbits 000B                  intlevel1 0000                _OPTION_REG 0081  
