

Microchip MPLAB XC8 Assembler V3.00 build 20241204225717 
                                                                                               Sat Apr 26 15:36:21 2025

Microchip MPLAB XC8 C Compiler v3.00 (Free license) build 20241204225717 Og1 
     1                           	processor	16F887
     2                           	pagewidth 120
     3                           	opt	flic
     4                           	psect	idataBANK0,global,class=CODE,space=0,delta=2,noexec
     5                           	psect	nvCOMMON,global,class=COMMON,space=1,delta=1,noexec
     6                           	psect	cinit,global,class=CODE,space=0,merge=1,delta=2
     7                           	psect	dataBANK0,global,class=BANK0,space=1,delta=1,noexec
     8                           	psect	inittext,global,class=CODE,space=0,delta=2
     9                           	psect	cstackCOMMON,global,class=COMMON,space=1,delta=1,noexec
    10                           	psect	cstackBANK0,global,class=BANK0,space=1,delta=1,noexec
    11                           	psect	maintext,global,class=CODE,space=0,split=1,delta=2
    12                           	psect	text1,local,class=CODE,space=0,merge=1,delta=2
    13                           	psect	text2,local,class=CODE,space=0,merge=1,delta=2
    14                           	psect	config,global,abs,ovrld,class=CONFIG,space=4,delta=2,noexec
    15                           	dabs	1,0x7E,2
    16     0000                     
    17                           ; Generated 22/03/2023 GMT
    18                           ; 
    19                           ; Copyright © 2023, Microchip Technology Inc. and its subsidiaries ("Microchip")
    20                           ; All rights reserved.
    21                           ; 
    22                           ; This software is developed by Microchip Technology Inc. and its subsidiaries ("Microch
      +                          ip").
    23                           ; 
    24                           ; Redistribution and use in source and binary forms, with or without modification, are
    25                           ; permitted provided that the following conditions are met:
    26                           ; 
    27                           ;     1. Redistributions of source code must retain the above copyright notice, this lis
      +                          t of
    28                           ;        conditions and the following disclaimer.
    29                           ; 
    30                           ;     2. Redistributions in binary form must reproduce the above copyright notice, this 
      +                          list
    31                           ;        of conditions and the following disclaimer in the documentation and/or other
    32                           ;        materials provided with the distribution. Publication is not required when
    33                           ;        this file is used in an embedded application.
    34                           ; 
    35                           ;     3. Microchip's name may not be used to endorse or promote products derived from th
      +                          is
    36                           ;        software without specific prior written permission.
    37                           ; 
    38                           ; THIS SOFTWARE IS PROVIDED BY MICROCHIP "AS IS" AND ANY EXPRESS OR IMPLIED WARRANTIES,
    39                           ; INCLUDING, BUT NOT LIMITED TO, THE IMPLIED WARRANTIES OF MERCHANTABILITY AND FITNESS F
      +                          OR
    40                           ; PURPOSE ARE DISCLAIMED.  IN NO EVENT SHALL MICROCHIP BE LIABLE FOR ANY DIRECT, INDIREC
      +                          T,
    41                           ; INCIDENTAL, SPECIAL, EXEMPLARY, OR CONSEQUENTIAL DAMAGES (INCLUDING BUT NOT LIMITED TO
    42                           ; PROCUREMENT OF SUBSTITUTE GOODS OR SERVICES; LOSS OF USE, DATA OR PROFITS; OR BUSINESS
    43                           ; INTERRUPTION) HOWSOEVER CAUSED AND ON ANY THEORY OF LIABILITY, WHETHER IN CONTRACT, ST
      +                          RICT
    44                           ; LIABILITY, OR TORT (INCLUDING NEGLIGENCE OR OTHERWISE) ARISING IN ANY WAY OUT OF THE U
      +                          SE OF
    45                           ; THIS SOFTWARE, EVEN IF ADVISED OF THE POSSIBILITY OF SUCH DAMAGE.
    46                           ; 
    47                           ; 
    48                           ; Code-generator required, PIC16F887 Definitions
    49                           ; 
    50                           ; SFR Addresses
    51     0004                     fsr             equ	4
    52     0004                     fsr0            equ	4
    53     0000                     indf            equ	0
    54     0000                     indf0           equ	0
    55     0002                     pc              equ	2
    56     0002                     pcl             equ	2
    57     000A                     pclath          equ	10
    58     0003                     status          equ	3
    59     0000                     INDF            equ	0	;# 
    60     0001                     TMR0            equ	1	;# 
    61     0002                     PCL             equ	2	;# 
    62     0003                     STATUS          equ	3	;# 
    63     0004                     FSR             equ	4	;# 
    64     0005                     PORTA           equ	5	;# 
    65     0006                     PORTB           equ	6	;# 
    66     0007                     PORTC           equ	7	;# 
    67     0008                     PORTD           equ	8	;# 
    68     0009                     PORTE           equ	9	;# 
    69     000A                     PCLATH          equ	10	;# 
    70     000B                     INTCON          equ	11	;# 
    71     000C                     PIR1            equ	12	;# 
    72     000D                     PIR2            equ	13	;# 
    73     000E                     TMR1            equ	14	;# 
    74     000E                     TMR1L           equ	14	;# 
    75     000F                     TMR1H           equ	15	;# 
    76     0010                     T1CON           equ	16	;# 
    77     0011                     TMR2            equ	17	;# 
    78     0012                     T2CON           equ	18	;# 
    79     0013                     SSPBUF          equ	19	;# 
    80     0014                     SSPCON          equ	20	;# 
    81     0015                     CCPR1           equ	21	;# 
    82     0015                     CCPR1L          equ	21	;# 
    83     0016                     CCPR1H          equ	22	;# 
    84     0017                     CCP1CON         equ	23	;# 
    85     0018                     RCSTA           equ	24	;# 
    86     0019                     TXREG           equ	25	;# 
    87     001A                     RCREG           equ	26	;# 
    88     001B                     CCPR2           equ	27	;# 
    89     001B                     CCPR2L          equ	27	;# 
    90     001C                     CCPR2H          equ	28	;# 
    91     001D                     CCP2CON         equ	29	;# 
    92     001E                     ADRESH          equ	30	;# 
    93     001F                     ADCON0          equ	31	;# 
    94     0081                     OPTION_REG      equ	129	;# 
    95     0085                     TRISA           equ	133	;# 
    96     0086                     TRISB           equ	134	;# 
    97     0087                     TRISC           equ	135	;# 
    98     0088                     TRISD           equ	136	;# 
    99     0089                     TRISE           equ	137	;# 
   100     008C                     PIE1            equ	140	;# 
   101     008D                     PIE2            equ	141	;# 
   102     008E                     PCON            equ	142	;# 
   103     008F                     OSCCON          equ	143	;# 
   104     0090                     OSCTUNE         equ	144	;# 
   105     0091                     SSPCON2         equ	145	;# 
   106     0092                     PR2             equ	146	;# 
   107     0093                     SSPADD          equ	147	;# 
   108     0093                     SSPMSK          equ	147	;# 
   109     0093                     MSK             equ	147	;# 
   110     0094                     SSPSTAT         equ	148	;# 
   111     0095                     WPUB            equ	149	;# 
   112     0096                     IOCB            equ	150	;# 
   113     0097                     VRCON           equ	151	;# 
   114     0098                     TXSTA           equ	152	;# 
   115     0099                     SPBRG           equ	153	;# 
   116     009A                     SPBRGH          equ	154	;# 
   117     009B                     PWM1CON         equ	155	;# 
   118     009C                     ECCPAS          equ	156	;# 
   119     009D                     PSTRCON         equ	157	;# 
   120     009E                     ADRESL          equ	158	;# 
   121     009F                     ADCON1          equ	159	;# 
   122     0105                     WDTCON          equ	261	;# 
   123     0107                     CM1CON0         equ	263	;# 
   124     0108                     CM2CON0         equ	264	;# 
   125     0109                     CM2CON1         equ	265	;# 
   126     010C                     EEDATA          equ	268	;# 
   127     010C                     EEDAT           equ	268	;# 
   128     010D                     EEADR           equ	269	;# 
   129     010E                     EEDATH          equ	270	;# 
   130     010F                     EEADRH          equ	271	;# 
   131     0185                     SRCON           equ	389	;# 
   132     0187                     BAUDCTL         equ	391	;# 
   133     0188                     ANSEL           equ	392	;# 
   134     0189                     ANSELH          equ	393	;# 
   135     018C                     EECON1          equ	396	;# 
   136     018D                     EECON2          equ	397	;# 
   137     0000                     INDF            equ	0	;# 
   138     0001                     TMR0            equ	1	;# 
   139     0002                     PCL             equ	2	;# 
   140     0003                     STATUS          equ	3	;# 
   141     0004                     FSR             equ	4	;# 
   142     0005                     PORTA           equ	5	;# 
   143     0006                     PORTB           equ	6	;# 
   144     0007                     PORTC           equ	7	;# 
   145     0008                     PORTD           equ	8	;# 
   146     0009                     PORTE           equ	9	;# 
   147     000A                     PCLATH          equ	10	;# 
   148     000B                     INTCON          equ	11	;# 
   149     000C                     PIR1            equ	12	;# 
   150     000D                     PIR2            equ	13	;# 
   151     000E                     TMR1            equ	14	;# 
   152     000E                     TMR1L           equ	14	;# 
   153     000F                     TMR1H           equ	15	;# 
   154     0010                     T1CON           equ	16	;# 
   155     0011                     TMR2            equ	17	;# 
   156     0012                     T2CON           equ	18	;# 
   157     0013                     SSPBUF          equ	19	;# 
   158     0014                     SSPCON          equ	20	;# 
   159     0015                     CCPR1           equ	21	;# 
   160     0015                     CCPR1L          equ	21	;# 
   161     0016                     CCPR1H          equ	22	;# 
   162     0017                     CCP1CON         equ	23	;# 
   163     0018                     RCSTA           equ	24	;# 
   164     0019                     TXREG           equ	25	;# 
   165     001A                     RCREG           equ	26	;# 
   166     001B                     CCPR2           equ	27	;# 
   167     001B                     CCPR2L          equ	27	;# 
   168     001C                     CCPR2H          equ	28	;# 
   169     001D                     CCP2CON         equ	29	;# 
   170     001E                     ADRESH          equ	30	;# 
   171     001F                     ADCON0          equ	31	;# 
   172     0081                     OPTION_REG      equ	129	;# 
   173     0085                     TRISA           equ	133	;# 
   174     0086                     TRISB           equ	134	;# 
   175     0087                     TRISC           equ	135	;# 
   176     0088                     TRISD           equ	136	;# 
   177     0089                     TRISE           equ	137	;# 
   178     008C                     PIE1            equ	140	;# 
   179     008D                     PIE2            equ	141	;# 
   180     008E                     PCON            equ	142	;# 
   181     008F                     OSCCON          equ	143	;# 
   182     0090                     OSCTUNE         equ	144	;# 
   183     0091                     SSPCON2         equ	145	;# 
   184     0092                     PR2             equ	146	;# 
   185     0093                     SSPADD          equ	147	;# 
   186     0093                     SSPMSK          equ	147	;# 
   187     0093                     MSK             equ	147	;# 
   188     0094                     SSPSTAT         equ	148	;# 
   189     0095                     WPUB            equ	149	;# 
   190     0096                     IOCB            equ	150	;# 
   191     0097                     VRCON           equ	151	;# 
   192     0098                     TXSTA           equ	152	;# 
   193     0099                     SPBRG           equ	153	;# 
   194     009A                     SPBRGH          equ	154	;# 
   195     009B                     PWM1CON         equ	155	;# 
   196     009C                     ECCPAS          equ	156	;# 
   197     009D                     PSTRCON         equ	157	;# 
   198     009E                     ADRESL          equ	158	;# 
   199     009F                     ADCON1          equ	159	;# 
   200     0105                     WDTCON          equ	261	;# 
   201     0107                     CM1CON0         equ	263	;# 
   202     0108                     CM2CON0         equ	264	;# 
   203     0109                     CM2CON1         equ	265	;# 
   204     010C                     EEDATA          equ	268	;# 
   205     010C                     EEDAT           equ	268	;# 
   206     010D                     EEADR           equ	269	;# 
   207     010E                     EEDATH          equ	270	;# 
   208     010F                     EEADRH          equ	271	;# 
   209     0185                     SRCON           equ	389	;# 
   210     0187                     BAUDCTL         equ	391	;# 
   211     0188                     ANSEL           equ	392	;# 
   212     0189                     ANSELH          equ	393	;# 
   213     018C                     EECON1          equ	396	;# 
   214     018D                     EECON2          equ	397	;# 
   215                           
   216                           	psect	idataBANK0
   217     0641                     __pidataBANK0:
   218                           
   219                           ;initializer for Visualizza@F1427
   220     0641  347E               	retlw	126
   221     0642  3400               	retlw	0
   222     0643  34E2               	retlw	226
   223     0644  3400               	retlw	0
   224     0645  34F2               	retlw	242
   225     0646  3400               	retlw	0
   226     0647  34A8               	retlw	168
   227     0648  3400               	retlw	0
   228     0649  34B0               	retlw	176
   229     064A  3400               	retlw	0
   230                           
   231                           	psect	nvCOMMON
   232     0078                     __pnvCOMMON:
   233     0078                     _stato:
   234     0078                     	ds	2
   235     000B                     _INTCON         set	11
   236     0008                     _PORTD          set	8
   237     0006                     _PORTB          set	6
   238     0005                     _PORTA          set	5
   239     0007                     _PORTC          set	7
   240     0032                     _RB2            set	50
   241     0033                     _RB3            set	51
   242     0034                     _RB4            set	52
   243     0031                     _RB1            set	49
   244     0047                     _RD7            set	71
   245     0043                     _RD3            set	67
   246     0042                     _RD2            set	66
   247     0044                     _RD4            set	68
   248     0081                     _OPTION_REG     set	129
   249     0088                     _TRISD          set	136
   250     0087                     _TRISC          set	135
   251     0086                     _TRISB          set	134
   252     0085                     _TRISA          set	133
   253     0189                     _ANSELH         set	393
   254     0188                     _ANSEL          set	392
   255                           
   256                           	psect	cinit
   257     07EE                     start_initialization:	
   258                           ; #config settings
   259                           
   260     07EE                     __initialization:
   261                           
   262                           ; Initialize objects allocated to BANK0
   263     07EE  1383               	bcf	3,7	;select IRP bank0
   264     07EF  302A               	movlw	low (__pdataBANK0+10)
   265     07F0  00FD               	movwf	btemp+-1
   266     07F1  3006               	movlw	high __pidataBANK0
   267     07F2  00FE               	movwf	btemp
   268     07F3  3041               	movlw	low __pidataBANK0
   269     07F4  00FF               	movwf	btemp+1
   270     07F5  3020               	movlw	low __pdataBANK0
   271     07F6  0084               	movwf	4
   272     07F7  120A  118A  264F  120A  118A  	fcall	init_ram0
   273     07FC                     end_of_initialization:	
   274                           ;End of C runtime variable initialization code
   275                           
   276     07FC                     __end_of__initialization:
   277     07FC  0183               	clrf	3
   278     07FD  120A  118A  2EEF   	ljmp	_main	;jump to C main() function
   279                           
   280                           	psect	dataBANK0
   281     0020                     __pdataBANK0:
   282     0020                     Visualizza@F1427:
   283     0020                     	ds	10
   284                           
   285                           	psect	inittext
   286     064B                     init_fetch0:	
   287                           ;	Called with low address in FSR and high address in W
   288                           
   289     064B  087E               	movf	btemp,w
   290     064C  008A               	movwf	10
   291     064D  087F               	movf	btemp+1,w
   292     064E  0082               	movwf	2
   293     064F                     init_ram0:	
   294                           ;Called with:
   295                           ;	high address of idata address in btemp 
   296                           ;	low address of idata address in btemp+1 
   297                           ;	low address of data in FSR
   298                           ;	high address + 1 of data in btemp-1
   299                           
   300     064F  120A  118A  264B  120A  118A  	fcall	init_fetch0
   301     0654  0080               	movwf	0
   302     0655  0A84               	incf	4,f
   303     0656  0804               	movf	4,w
   304     0657  067D               	xorwf	btemp+-1,w
   305     0658  1903               	btfsc	3,2
   306     0659  3400               	retlw	0
   307     065A  0AFF               	incf	btemp+1,f
   308     065B  1903               	btfsc	3,2
   309     065C  0AFE               	incf	btemp,f
   310     065D  2E4F               	goto	init_ram0
   311                           
   312                           	psect	cstackCOMMON
   313     0070                     __pcstackCOMMON:
   314     0070                     ?_Irrigazione:
   315     0070                     ?_Visualizza:	
   316                           ; 1 bytes @ 0x0
   317                           
   318     0070                     ?_main:	
   319                           ; 1 bytes @ 0x0
   320                           
   321     0070                     Irrigazione@power:	
   322                           ; 1 bytes @ 0x0
   323                           
   324     0070                     Visualizza@display:	
   325                           ; 2 bytes @ 0x0
   326                           
   327                           
   328                           ; 2 bytes @ 0x0
   329     0070                     	ds	2
   330     0072                     Irrigazione@direzione:
   331     0072                     ??_Visualizza:	
   332                           ; 2 bytes @ 0x2
   333                           
   334                           
   335                           ; 1 bytes @ 0x2
   336     0072                     	ds	2
   337     0074                     Irrigazione@velocita:
   338                           
   339                           ; 2 bytes @ 0x4
   340     0074                     	ds	2
   341     0076                     Irrigazione@irrigazione:
   342                           
   343                           ; 2 bytes @ 0x6
   344     0076                     	ds	2
   345     0078                     ??_Irrigazione:
   346     0078                     ??_main:	
   347                           ; 1 bytes @ 0x8
   348                           
   349                           
   350                           	psect	cstackBANK0
   351     002A                     __pcstackBANK0:	
   352                           ; 1 bytes @ 0x8
   353                           
   354     002A                     Visualizza@lettera:
   355                           
   356                           ; 10 bytes @ 0x0
   357     002A                     	ds	10
   358                           
   359                           	psect	maintext
   360     06EF                     __pmaintext:	
   361 ;;
   362 ;;Main: autosize = 0, tempsize = 0, incstack = 0, save=0
   363 ;;
   364 ;; *************** function _main *****************
   365 ;; Defined at:
   366 ;;		line 120 in file "main.c"
   367 ;; Parameters:    Size  Location     Type
   368 ;;		None
   369 ;; Auto vars:     Size  Location     Type
   370 ;;		None
   371 ;; Return value:  Size  Location     Type
   372 ;;                  1    wreg      void 
   373 ;; Registers used:
   374 ;;		wreg, fsr0l, fsr0h, status,2, status,0, pclath, cstack
   375 ;; Tracked objects:
   376 ;;		On entry : B00/0
   377 ;;		On exit  : 0/0
   378 ;;		Unchanged: 0/0
   379 ;; Data sizes:     COMMON   BANK0   BANK1   BANK3   BANK2
   380 ;;      Params:         0       0       0       0       0
   381 ;;      Locals:         0       0       0       0       0
   382 ;;      Temps:          0       0       0       0       0
   383 ;;      Totals:         0       0       0       0       0
   384 ;;Total ram usage:        0 bytes
   385 ;; Hardware stack levels required when called: 1
   386 ;; This function calls:
   387 ;;		_Irrigazione
   388 ;;		_Visualizza
   389 ;; This function is called by:
   390 ;;		Startup code after reset
   391 ;; This function uses a non-reentrant model
   392 ;;
   393                           
   394     06EF                     _main:	
   395                           ;psect for function _main
   396                           
   397     06EF                     l832:	
   398                           ;incstack = 0
   399                           ; Regs used in _main: [wreg-fsr0h+status,2+status,0+pclath+cstack]
   400                           
   401                           
   402                           ;main.c: 123:     PORTA = 0x00;
   403     06EF  1283               	bcf	3,5	;RP0=0, select bank0
   404     06F0  1303               	bcf	3,6	;RP1=0, select bank0
   405     06F1  0185               	clrf	5	;volatile
   406                           
   407                           ;main.c: 124:     PORTB = 0x00;
   408     06F2  0186               	clrf	6	;volatile
   409                           
   410                           ;main.c: 125:     PORTC = 0x00;
   411     06F3  0187               	clrf	7	;volatile
   412                           
   413                           ;main.c: 126:     PORTD = 0x00;
   414     06F4  0188               	clrf	8	;volatile
   415                           
   416                           ;main.c: 129:     TRISA = 0b00000000;
   417     06F5  1683               	bsf	3,5	;RP0=1, select bank1
   418     06F6  1303               	bcf	3,6	;RP1=0, select bank1
   419     06F7  0185               	clrf	5	;volatile
   420     06F8                     l834:
   421                           
   422                           ;main.c: 130:     TRISB = 0b11111111;
   423     06F8  30FF               	movlw	255
   424     06F9  0086               	movwf	6	;volatile
   425                           
   426                           ;main.c: 131:     TRISC = 0b00000000;
   427     06FA  0187               	clrf	7	;volatile
   428                           
   429                           ;main.c: 132:     TRISD = 0b00000000;
   430     06FB  0188               	clrf	8	;volatile
   431     06FC                     l836:
   432                           
   433                           ;main.c: 135:     INTCON = 0b1011100;
   434     06FC  305C               	movlw	92
   435     06FD  008B               	movwf	11	;volatile
   436                           
   437                           ;main.c: 137:     ANSEL = 0x00;
   438     06FE  1683               	bsf	3,5	;RP0=1, select bank3
   439     06FF  1703               	bsf	3,6	;RP1=1, select bank3
   440     0700  0188               	clrf	8	;volatile
   441                           
   442                           ;main.c: 138:     ANSELH = 0x00;
   443     0701  0189               	clrf	9	;volatile
   444     0702                     l838:
   445                           
   446                           ;main.c: 140:     OPTION_REG = 0b00000011;
   447     0702  3003               	movlw	3
   448     0703  1683               	bsf	3,5	;RP0=1, select bank1
   449     0704  1303               	bcf	3,6	;RP1=0, select bank1
   450     0705  0081               	movwf	1	;volatile
   451     0706                     l67:	
   452                           ;main.c: 145:     while (1)
   453                           
   454                           
   455                           ;main.c: 146:     {;main.c: 147:           stato=0;
   456     0706  01F8               	clrf	_stato
   457     0707  01F9               	clrf	_stato+1
   458                           
   459                           ;main.c: 149:         switch(stato)
   460     0708  2FC8               	goto	l886
   461     0709                     l69:	
   462                           ;main.c: 150:         {;main.c: 151:             case 0:
   463                           
   464                           
   465                           ;main.c: 152:                 if(RB1 == 0)
   466     0709  1283               	bcf	3,5	;RP0=0, select bank0
   467     070A  1303               	bcf	3,6	;RP1=0, select bank0
   468     070B  1886               	btfsc	6,1	;volatile
   469     070C  2F0E               	goto	u371
   470     070D  2F0F               	goto	u370
   471     070E                     u371:
   472     070E  2F18               	goto	l70
   473     070F                     u370:
   474     070F                     l840:
   475                           
   476                           ;main.c: 153:                 {;main.c: 154:                     PORTA=0b11111111;
   477     070F  30FF               	movlw	255
   478     0710  0085               	movwf	5	;volatile
   479                           
   480                           ;main.c: 155:                     PORTC=0b11111111;
   481     0711  30FF               	movlw	255
   482     0712  0087               	movwf	7	;volatile
   483     0713                     l842:
   484                           
   485                           ;main.c: 156:                     stato=1;
   486     0713  3001               	movlw	1
   487     0714  00F8               	movwf	_stato
   488     0715  3000               	movlw	0
   489     0716  00F9               	movwf	_stato+1
   490     0717                     l71:	
   491                           ;main.c: 157:                     while(1);
   492                           
   493     0717                     l72:
   494     0717  2F17               	goto	l71
   495     0718                     l70:	
   496                           ;main.c: 158:                 }
   497                           
   498                           
   499                           ;main.c: 160:                 if (RB4 ==1)
   500     0718  1E06               	btfss	6,4	;volatile
   501     0719  2F1B               	goto	u381
   502     071A  2F1C               	goto	u380
   503     071B                     u381:
   504     071B  2F20               	goto	l846
   505     071C                     u380:
   506     071C                     l844:
   507                           
   508                           ;main.c: 161:                 {;main.c: 162:                     stato=10;
   509     071C  300A               	movlw	10
   510     071D  00F8               	movwf	_stato
   511     071E  3000               	movlw	0
   512     071F  00F9               	movwf	_stato+1
   513     0720                     l846:
   514                           
   515                           ;main.c: 166:                 if(RB3==1)
   516     0720  1283               	bcf	3,5	;RP0=0, select bank0
   517     0721  1303               	bcf	3,6	;RP1=0, select bank0
   518     0722  1D86               	btfss	6,3	;volatile
   519     0723  2F25               	goto	u391
   520     0724  2F26               	goto	u390
   521     0725                     u391:
   522     0725  2F47               	goto	l76
   523     0726                     u390:
   524     0726                     l848:
   525                           
   526                           ;main.c: 167:                 {;main.c: 168:                     Visualizza(2);
   527     0726  3002               	movlw	2
   528     0727  00F0               	movwf	Visualizza@display
   529     0728  3000               	movlw	0
   530     0729  00F1               	movwf	Visualizza@display+1
   531     072A  120A  118A  265E  120A  118A  	fcall	_Visualizza
   532     072F                     l850:
   533                           
   534                           ;main.c: 169:                     Irrigazione(1, 0, 1, 0);
   535     072F  3001               	movlw	1
   536     0730  00F0               	movwf	Irrigazione@power
   537     0731  3000               	movlw	0
   538     0732  00F1               	movwf	Irrigazione@power+1
   539     0733  3000               	movlw	0
   540     0734  00F2               	movwf	Irrigazione@direzione
   541     0735  00F3               	movwf	Irrigazione@direzione+1
   542     0736  3001               	movlw	1
   543     0737  00F4               	movwf	Irrigazione@velocita
   544     0738  3000               	movlw	0
   545     0739  00F5               	movwf	Irrigazione@velocita+1
   546     073A  3000               	movlw	0
   547     073B  00F6               	movwf	Irrigazione@irrigazione
   548     073C  00F7               	movwf	Irrigazione@irrigazione+1
   549     073D  120A  118A  26A6  120A  118A  	fcall	_Irrigazione
   550     0742                     l852:
   551                           
   552                           ;main.c: 170:                     stato=2;
   553     0742  3002               	movlw	2
   554     0743  00F8               	movwf	_stato
   555     0744  3000               	movlw	0
   556     0745  00F9               	movwf	_stato+1
   557                           
   558                           ;main.c: 171:                 }
   559     0746  2F06               	goto	l67
   560     0747                     l76:	
   561                           ;main.c: 172:                 else if(RB3==0)stato=3;
   562                           
   563     0747  1986               	btfsc	6,3	;volatile
   564     0748  2F4A               	goto	u401
   565     0749  2F4B               	goto	u400
   566     074A                     u401:
   567     074A  2FEA               	goto	l79
   568     074B                     u400:
   569     074B                     l854:
   570     074B  3003               	movlw	3
   571     074C  00F8               	movwf	_stato
   572     074D  3000               	movlw	0
   573     074E  00F9               	movwf	_stato+1
   574     074F  2F06               	goto	l67
   575     0750                     l80:	
   576                           ;main.c: 175:             case 2:
   577                           
   578                           
   579                           ;main.c: 176:                 if(RB3==0)stato=3;
   580     0750  1283               	bcf	3,5	;RP0=0, select bank0
   581     0751  1303               	bcf	3,6	;RP1=0, select bank0
   582     0752  1986               	btfsc	6,3	;volatile
   583     0753  2F55               	goto	u411
   584     0754  2F56               	goto	u410
   585     0755                     u411:
   586     0755  2F5A               	goto	l858
   587     0756                     u410:
   588     0756                     l856:
   589     0756  3003               	movlw	3
   590     0757  00F8               	movwf	_stato
   591     0758  3000               	movlw	0
   592     0759  00F9               	movwf	_stato+1
   593     075A                     l858:
   594                           
   595                           ;main.c: 179:                 Irrigazione(1, 1, 0, 1);
   596     075A  3001               	movlw	1
   597     075B  00F0               	movwf	Irrigazione@power
   598     075C  3000               	movlw	0
   599     075D  00F1               	movwf	Irrigazione@power+1
   600     075E  3001               	movlw	1
   601     075F  00F2               	movwf	Irrigazione@direzione
   602     0760  3000               	movlw	0
   603     0761  00F3               	movwf	Irrigazione@direzione+1
   604     0762  3000               	movlw	0
   605     0763  00F4               	movwf	Irrigazione@velocita
   606     0764  00F5               	movwf	Irrigazione@velocita+1
   607     0765  3001               	movlw	1
   608     0766  00F6               	movwf	Irrigazione@irrigazione
   609     0767  3000               	movlw	0
   610     0768  00F7               	movwf	Irrigazione@irrigazione+1
   611     0769  120A  118A  26A6  120A  118A  	fcall	_Irrigazione
   612     076E                     l860:
   613                           
   614                           ;main.c: 180:                 stato=0;
   615     076E  01F8               	clrf	_stato
   616     076F  01F9               	clrf	_stato+1
   617     0770                     l862:
   618                           
   619                           ;main.c: 183:                 if (RB2==0) stato=0;
   620     0770  1283               	bcf	3,5	;RP0=0, select bank0
   621     0771  1303               	bcf	3,6	;RP1=0, select bank0
   622     0772  1906               	btfsc	6,2	;volatile
   623     0773  2F75               	goto	u421
   624     0774  2F76               	goto	u420
   625     0775                     u421:
   626     0775  2F78               	goto	l866
   627     0776                     u420:
   628     0776                     l864:
   629     0776  01F8               	clrf	_stato
   630     0777  01F9               	clrf	_stato+1
   631     0778                     l866:
   632                           
   633                           ;main.c: 186:                 if (RB4==0)
   634     0778  1283               	bcf	3,5	;RP0=0, select bank0
   635     0779  1303               	bcf	3,6	;RP1=0, select bank0
   636     077A  1A06               	btfsc	6,4	;volatile
   637     077B  2F7D               	goto	u431
   638     077C  2F7E               	goto	u430
   639     077D                     u431:
   640     077D  2F96               	goto	l86
   641     077E                     u430:
   642     077E                     l868:
   643                           
   644                           ;main.c: 187:                 {;main.c: 188:                     Irrigazione(1, 0, 1, 0)
      +                          ;
   645     077E  3001               	movlw	1
   646     077F  00F0               	movwf	Irrigazione@power
   647     0780  3000               	movlw	0
   648     0781  00F1               	movwf	Irrigazione@power+1
   649     0782  3000               	movlw	0
   650     0783  00F2               	movwf	Irrigazione@direzione
   651     0784  00F3               	movwf	Irrigazione@direzione+1
   652     0785  3001               	movlw	1
   653     0786  00F4               	movwf	Irrigazione@velocita
   654     0787  3000               	movlw	0
   655     0788  00F5               	movwf	Irrigazione@velocita+1
   656     0789  3000               	movlw	0
   657     078A  00F6               	movwf	Irrigazione@irrigazione
   658     078B  00F7               	movwf	Irrigazione@irrigazione+1
   659     078C  120A  118A  26A6  120A  118A  	fcall	_Irrigazione
   660     0791                     l870:
   661                           
   662                           ;main.c: 189:                     stato=6;
   663     0791  3006               	movlw	6
   664     0792  00F8               	movwf	_stato
   665     0793  3000               	movlw	0
   666     0794  00F9               	movwf	_stato+1
   667                           
   668                           ;main.c: 190:                 }
   669     0795  2FB1               	goto	l876
   670     0796                     l86:	
   671                           ;main.c: 191:                 else if (RB4==1)
   672                           
   673     0796  1E06               	btfss	6,4	;volatile
   674     0797  2F99               	goto	u441
   675     0798  2F9A               	goto	u440
   676     0799                     u441:
   677     0799  2FB1               	goto	l876
   678     079A                     u440:
   679     079A                     l872:
   680                           
   681                           ;main.c: 192:                 {;main.c: 193:                     Irrigazione(1,0, 0, 1);
   682     079A  3001               	movlw	1
   683     079B  00F0               	movwf	Irrigazione@power
   684     079C  3000               	movlw	0
   685     079D  00F1               	movwf	Irrigazione@power+1
   686     079E  3000               	movlw	0
   687     079F  00F2               	movwf	Irrigazione@direzione
   688     07A0  00F3               	movwf	Irrigazione@direzione+1
   689     07A1  3000               	movlw	0
   690     07A2  00F4               	movwf	Irrigazione@velocita
   691     07A3  00F5               	movwf	Irrigazione@velocita+1
   692     07A4  3001               	movlw	1
   693     07A5  00F6               	movwf	Irrigazione@irrigazione
   694     07A6  3000               	movlw	0
   695     07A7  00F7               	movwf	Irrigazione@irrigazione+1
   696     07A8  120A  118A  26A6  120A  118A  	fcall	_Irrigazione
   697     07AD                     l874:
   698                           
   699                           ;main.c: 194:                     stato=7;
   700     07AD  3007               	movlw	7
   701     07AE  00F8               	movwf	_stato
   702     07AF  3000               	movlw	0
   703     07B0  00F9               	movwf	_stato+1
   704     07B1                     l876:
   705                           
   706                           ;main.c: 198:                 if (RB3==0)
   707     07B1  1283               	bcf	3,5	;RP0=0, select bank0
   708     07B2  1303               	bcf	3,6	;RP1=0, select bank0
   709     07B3  1986               	btfsc	6,3	;volatile
   710     07B4  2FB6               	goto	u451
   711     07B5  2FB7               	goto	u450
   712     07B6                     u451:
   713     07B6  2FBB               	goto	l880
   714     07B7                     u450:
   715     07B7                     l878:
   716                           
   717                           ;main.c: 199:                 {;main.c: 201:                     stato=8;
   718     07B7  3008               	movlw	8
   719     07B8  00F8               	movwf	_stato
   720     07B9  3000               	movlw	0
   721     07BA  00F9               	movwf	_stato+1
   722     07BB                     l880:
   723                           
   724                           ;main.c: 205:                 if (RB3==0)
   725     07BB  1283               	bcf	3,5	;RP0=0, select bank0
   726     07BC  1303               	bcf	3,6	;RP1=0, select bank0
   727     07BD  1986               	btfsc	6,3	;volatile
   728     07BE  2FC0               	goto	u461
   729     07BF  2FC1               	goto	u460
   730     07C0                     u461:
   731     07C0  2FC5               	goto	l884
   732     07C1                     u460:
   733     07C1                     l882:
   734                           
   735                           ;main.c: 206:                 {;main.c: 208:                     stato=8;
   736     07C1  3008               	movlw	8
   737     07C2  00F8               	movwf	_stato
   738     07C3  3000               	movlw	0
   739     07C4  00F9               	movwf	_stato+1
   740     07C5                     l884:
   741                           
   742                           ;main.c: 211:                     stato=0;
   743     07C5  01F8               	clrf	_stato
   744     07C6  01F9               	clrf	_stato+1
   745                           
   746                           ;main.c: 214:         }
   747     07C7  2F06               	goto	l67
   748     07C8                     l886:
   749                           
   750                           ; Switch on 2 bytes has been partitioned into a top level switch of size 1, and 1 sub-sw
      +                          itches
   751                           ; Switch size 1, requested type "simple"
   752                           ; Number of cases is 1, Range of values is 0 to 0
   753                           ; switch strategies available:
   754                           ; Name         Instructions Cycles
   755                           ; simple_byte            4     3 (average)
   756                           ; direct_byte           11     8 (fixed)
   757                           ; jumptable            260     6 (fixed)
   758                           ;	Chosen strategy is simple_byte
   759     07C8  3000               	movlw	0
   760     07C9  3A00               	xorlw	0	; case 0
   761     07CA  1903               	skipnz
   762     07CB  2FCD               	goto	l924
   763     07CC  2F06               	goto	l67
   764     07CD                     l924:
   765                           
   766                           ; Switch size 1, requested type "simple"
   767                           ; Number of cases is 9, Range of values is 0 to 8
   768                           ; switch strategies available:
   769                           ; Name         Instructions Cycles
   770                           ; simple_byte           28    15 (average)
   771                           ; direct_byte           35     8 (fixed)
   772                           ; jumptable            260     6 (fixed)
   773                           ;	Chosen strategy is simple_byte
   774     07CD  3000               	movlw	0
   775     07CE  3A00               	xorlw	0	; case 0
   776     07CF  1903               	skipnz
   777     07D0  2F09               	goto	l69
   778     07D1  3A01               	xorlw	1	; case 1
   779     07D2  1903               	skipnz
   780     07D3  2F20               	goto	l846
   781     07D4  3A03               	xorlw	3	; case 2
   782     07D5  1903               	skipnz
   783     07D6  2F50               	goto	l80
   784     07D7  3A01               	xorlw	1	; case 3
   785     07D8  1903               	skipnz
   786     07D9  2F5A               	goto	l858
   787     07DA  3A07               	xorlw	7	; case 4
   788     07DB  1903               	skipnz
   789     07DC  2F70               	goto	l862
   790     07DD  3A01               	xorlw	1	; case 5
   791     07DE  1903               	skipnz
   792     07DF  2F78               	goto	l866
   793     07E0  3A03               	xorlw	3	; case 6
   794     07E1  1903               	skipnz
   795     07E2  2FB1               	goto	l876
   796     07E3  3A01               	xorlw	1	; case 7
   797     07E4  1903               	skipnz
   798     07E5  2FBB               	goto	l880
   799     07E6  3A0F               	xorlw	15	; case 8
   800     07E7  1903               	skipnz
   801     07E8  2FC5               	goto	l884
   802     07E9  2F06               	goto	l67
   803     07EA                     l79:
   804     07EA  2F06               	goto	l67
   805     07EB  120A  118A  2800   	ljmp	start
   806     07EE                     __end_of_main:
   807                           
   808                           	psect	text1
   809     065E                     __ptext1:	
   810 ;; *************** function _Visualizza *****************
   811 ;; Defined at:
   812 ;;		line 89 in file "main.c"
   813 ;; Parameters:    Size  Location     Type
   814 ;;  display         2    0[COMMON] int 
   815 ;; Auto vars:     Size  Location     Type
   816 ;;  lettera        10    0[BANK0 ] int [5]
   817 ;; Return value:  Size  Location     Type
   818 ;;                  1    wreg      void 
   819 ;; Registers used:
   820 ;;		wreg, fsr0l, fsr0h, status,2, status,0
   821 ;; Tracked objects:
   822 ;;		On entry : 0/0
   823 ;;		On exit  : 0/0
   824 ;;		Unchanged: 0/0
   825 ;; Data sizes:     COMMON   BANK0   BANK1   BANK3   BANK2
   826 ;;      Params:         2       0       0       0       0
   827 ;;      Locals:         0      10       0       0       0
   828 ;;      Temps:          4       0       0       0       0
   829 ;;      Totals:         6      10       0       0       0
   830 ;;Total ram usage:       16 bytes
   831 ;; Hardware stack levels used: 1
   832 ;; This function calls:
   833 ;;		Nothing
   834 ;; This function is called by:
   835 ;;		_main
   836 ;; This function uses a non-reentrant model
   837 ;;
   838                           
   839     065E                     _Visualizza:	
   840                           ;psect for function _Visualizza
   841                           
   842     065E                     l814:	
   843                           ;incstack = 0
   844                           ; Regs used in _Visualizza: [wreg-fsr0h+status,2+status,0]
   845                           
   846                           
   847                           ;main.c: 89: void Visualizza (int display);main.c: 90: {;main.c: 91:     int lettera[5] 
      +                          = {0b01111110, 0b11100010, 0b11110010, 0b10101000, 0b10110000};
   848     065E  3020               	movlw	Visualizza@F1427& (0+255)
   849     065F  0084               	movwf	4
   850     0660  302A               	movlw	low Visualizza@lettera
   851     0661  00F2               	movwf	??_Visualizza
   852     0662  300A               	movlw	10
   853     0663  00F3               	movwf	??_Visualizza+1
   854     0664                     u320:
   855     0664  1383               	bcf	3,7	;select IRP bank0
   856     0665  0800               	movf	0,w
   857     0666  00F4               	movwf	??_Visualizza+2
   858     0667  0A04               	incf	4,w
   859     0668  00F5               	movwf	??_Visualizza+3
   860     0669  0872               	movf	??_Visualizza,w
   861     066A  0084               	movwf	4
   862     066B  0874               	movf	??_Visualizza+2,w
   863     066C  0080               	movwf	0
   864     066D  0A04               	incf	4,w
   865     066E  00F2               	movwf	??_Visualizza
   866     066F  0875               	movf	??_Visualizza+3,w
   867     0670  0084               	movwf	4
   868     0671  0BF3               	decfsz	??_Visualizza+1,f
   869     0672  2E64               	goto	u320
   870     0673                     l816:
   871                           
   872                           ;main.c: 93:     if(display == 1 )
   873     0673  0370               	decf	Visualizza@display,w
   874     0674  0471               	iorwf	Visualizza@display+1,w
   875     0675  1D03               	btfss	3,2
   876     0676  2E78               	goto	u331
   877     0677  2E79               	goto	u330
   878     0678                     u331:
   879     0678  2E7F               	goto	l820
   880     0679                     u330:
   881     0679                     l818:
   882                           
   883                           ;main.c: 94:     {;main.c: 95:         PORTC = lettera[0];
   884     0679  1283               	bcf	3,5	;RP0=0, select bank0
   885     067A  1303               	bcf	3,6	;RP1=0, select bank0
   886     067B  082A               	movf	Visualizza@lettera,w
   887     067C  0087               	movwf	7	;volatile
   888                           
   889                           ;main.c: 96:         PORTA = lettera[1];
   890     067D  082C               	movf	Visualizza@lettera+2,w
   891     067E  0085               	movwf	5	;volatile
   892     067F                     l820:
   893                           
   894                           ;main.c: 99:     if(display == 0 )
   895     067F  0870               	movf	Visualizza@display,w
   896     0680  0471               	iorwf	Visualizza@display+1,w
   897     0681  1D03               	btfss	3,2
   898     0682  2E84               	goto	u341
   899     0683  2E85               	goto	u340
   900     0684                     u341:
   901     0684  2E8B               	goto	l824
   902     0685                     u340:
   903     0685                     l822:
   904                           
   905                           ;main.c: 100:     {;main.c: 101:         PORTC = lettera[0];
   906     0685  1283               	bcf	3,5	;RP0=0, select bank0
   907     0686  1303               	bcf	3,6	;RP1=0, select bank0
   908     0687  082A               	movf	Visualizza@lettera,w
   909     0688  0087               	movwf	7	;volatile
   910                           
   911                           ;main.c: 102:         PORTA = lettera[3];
   912     0689  0830               	movf	Visualizza@lettera+6,w
   913     068A  0085               	movwf	5	;volatile
   914     068B                     l824:
   915                           
   916                           ;main.c: 105:     if(display == 2 )
   917     068B  3002               	movlw	2
   918     068C  0670               	xorwf	Visualizza@display,w
   919     068D  0471               	iorwf	Visualizza@display+1,w
   920     068E  1D03               	btfss	3,2
   921     068F  2E91               	goto	u351
   922     0690  2E92               	goto	u350
   923     0691                     u351:
   924     0691  2E98               	goto	l828
   925     0692                     u350:
   926     0692                     l826:
   927                           
   928                           ;main.c: 106:     {;main.c: 107:         PORTC = lettera[1];
   929     0692  1283               	bcf	3,5	;RP0=0, select bank0
   930     0693  1303               	bcf	3,6	;RP1=0, select bank0
   931     0694  082C               	movf	Visualizza@lettera+2,w
   932     0695  0087               	movwf	7	;volatile
   933                           
   934                           ;main.c: 108:         PORTA = lettera[4];
   935     0696  0832               	movf	Visualizza@lettera+8,w
   936     0697  0085               	movwf	5	;volatile
   937     0698                     l828:
   938                           
   939                           ;main.c: 111:     if(display == 3 )
   940     0698  3003               	movlw	3
   941     0699  0670               	xorwf	Visualizza@display,w
   942     069A  0471               	iorwf	Visualizza@display+1,w
   943     069B  1D03               	btfss	3,2
   944     069C  2E9E               	goto	u361
   945     069D  2E9F               	goto	u360
   946     069E                     u361:
   947     069E  2EA5               	goto	l60
   948     069F                     u360:
   949     069F                     l830:
   950                           
   951                           ;main.c: 112:     {;main.c: 113:         PORTC = lettera[2];
   952     069F  1283               	bcf	3,5	;RP0=0, select bank0
   953     06A0  1303               	bcf	3,6	;RP1=0, select bank0
   954     06A1  082E               	movf	Visualizza@lettera+4,w
   955     06A2  0087               	movwf	7	;volatile
   956                           
   957                           ;main.c: 114:         PORTA = lettera[3];
   958     06A3  0830               	movf	Visualizza@lettera+6,w
   959     06A4  0085               	movwf	5	;volatile
   960     06A5                     l60:
   961     06A5  0008               	return
   962     06A6                     __end_of_Visualizza:
   963                           
   964                           	psect	text2
   965     06A6                     __ptext2:	
   966 ;; *************** function _Irrigazione *****************
   967 ;; Defined at:
   968 ;;		line 70 in file "main.c"
   969 ;; Parameters:    Size  Location     Type
   970 ;;  power           2    0[COMMON] int 
   971 ;;  direzione       2    2[COMMON] int 
   972 ;;  velocita        2    4[COMMON] int 
   973 ;;  irrigazione     2    6[COMMON] int 
   974 ;; Auto vars:     Size  Location     Type
   975 ;;		None
   976 ;; Return value:  Size  Location     Type
   977 ;;                  1    wreg      void 
   978 ;; Registers used:
   979 ;;		wreg, status,2, status,0
   980 ;; Tracked objects:
   981 ;;		On entry : 0/0
   982 ;;		On exit  : 0/0
   983 ;;		Unchanged: 0/0
   984 ;; Data sizes:     COMMON   BANK0   BANK1   BANK3   BANK2
   985 ;;      Params:         8       0       0       0       0
   986 ;;      Locals:         0       0       0       0       0
   987 ;;      Temps:          0       0       0       0       0
   988 ;;      Totals:         8       0       0       0       0
   989 ;;Total ram usage:        8 bytes
   990 ;; Hardware stack levels used: 1
   991 ;; This function calls:
   992 ;;		Nothing
   993 ;; This function is called by:
   994 ;;		_main
   995 ;; This function uses a non-reentrant model
   996 ;;
   997                           
   998     06A6                     _Irrigazione:	
   999                           ;psect for function _Irrigazione
  1000                           
  1001     06A6                     l782:	
  1002                           ;incstack = 0
  1003                           ; Regs used in _Irrigazione: [wreg+status,2+status,0]
  1004                           
  1005                           
  1006                           ;main.c: 70: void Irrigazione(int power, int direzione, int velocita, int irrigazione);m
      +                          ain.c: 71: {;main.c: 73:     if(power == 1) RD4 = 1;
  1007     06A6  0370               	decf	Irrigazione@power,w
  1008     06A7  0471               	iorwf	Irrigazione@power+1,w
  1009     06A8  1D03               	btfss	3,2
  1010     06A9  2EAB               	goto	u241
  1011     06AA  2EAC               	goto	u240
  1012     06AB                     u241:
  1013     06AB  2EAF               	goto	l786
  1014     06AC                     u240:
  1015     06AC                     l784:
  1016     06AC  1283               	bcf	3,5	;RP0=0, select bank0
  1017     06AD  1303               	bcf	3,6	;RP1=0, select bank0
  1018     06AE  1608               	bsf	8,4	;volatile
  1019     06AF                     l786:
  1020                           
  1021                           ;main.c: 74:     if(power == 0) RD4 = 0;
  1022     06AF  0870               	movf	Irrigazione@power,w
  1023     06B0  0471               	iorwf	Irrigazione@power+1,w
  1024     06B1  1D03               	btfss	3,2
  1025     06B2  2EB4               	goto	u251
  1026     06B3  2EB5               	goto	u250
  1027     06B4                     u251:
  1028     06B4  2EB8               	goto	l790
  1029     06B5                     u250:
  1030     06B5                     l788:
  1031     06B5  1283               	bcf	3,5	;RP0=0, select bank0
  1032     06B6  1303               	bcf	3,6	;RP1=0, select bank0
  1033     06B7  1208               	bcf	8,4	;volatile
  1034     06B8                     l790:
  1035                           
  1036                           ;main.c: 77:     if(direzione == 1) RD2 = 1;
  1037     06B8  0372               	decf	Irrigazione@direzione,w
  1038     06B9  0473               	iorwf	Irrigazione@direzione+1,w
  1039     06BA  1D03               	btfss	3,2
  1040     06BB  2EBD               	goto	u261
  1041     06BC  2EBE               	goto	u260
  1042     06BD                     u261:
  1043     06BD  2EC1               	goto	l794
  1044     06BE                     u260:
  1045     06BE                     l792:
  1046     06BE  1283               	bcf	3,5	;RP0=0, select bank0
  1047     06BF  1303               	bcf	3,6	;RP1=0, select bank0
  1048     06C0  1508               	bsf	8,2	;volatile
  1049     06C1                     l794:
  1050                           
  1051                           ;main.c: 78:     if(direzione == 0) RD2 = 0;
  1052     06C1  0872               	movf	Irrigazione@direzione,w
  1053     06C2  0473               	iorwf	Irrigazione@direzione+1,w
  1054     06C3  1D03               	btfss	3,2
  1055     06C4  2EC6               	goto	u271
  1056     06C5  2EC7               	goto	u270
  1057     06C6                     u271:
  1058     06C6  2ECA               	goto	l798
  1059     06C7                     u270:
  1060     06C7                     l796:
  1061     06C7  1283               	bcf	3,5	;RP0=0, select bank0
  1062     06C8  1303               	bcf	3,6	;RP1=0, select bank0
  1063     06C9  1108               	bcf	8,2	;volatile
  1064     06CA                     l798:
  1065                           
  1066                           ;main.c: 81:     if(velocita == 0) RD3 = 0;
  1067     06CA  0874               	movf	Irrigazione@velocita,w
  1068     06CB  0475               	iorwf	Irrigazione@velocita+1,w
  1069     06CC  1D03               	btfss	3,2
  1070     06CD  2ECF               	goto	u281
  1071     06CE  2ED0               	goto	u280
  1072     06CF                     u281:
  1073     06CF  2ED3               	goto	l802
  1074     06D0                     u280:
  1075     06D0                     l800:
  1076     06D0  1283               	bcf	3,5	;RP0=0, select bank0
  1077     06D1  1303               	bcf	3,6	;RP1=0, select bank0
  1078     06D2  1188               	bcf	8,3	;volatile
  1079     06D3                     l802:
  1080                           
  1081                           ;main.c: 82:     if(velocita == 1) RD3 = 1;
  1082     06D3  0374               	decf	Irrigazione@velocita,w
  1083     06D4  0475               	iorwf	Irrigazione@velocita+1,w
  1084     06D5  1D03               	btfss	3,2
  1085     06D6  2ED8               	goto	u291
  1086     06D7  2ED9               	goto	u290
  1087     06D8                     u291:
  1088     06D8  2EDC               	goto	l806
  1089     06D9                     u290:
  1090     06D9                     l804:
  1091     06D9  1283               	bcf	3,5	;RP0=0, select bank0
  1092     06DA  1303               	bcf	3,6	;RP1=0, select bank0
  1093     06DB  1588               	bsf	8,3	;volatile
  1094     06DC                     l806:
  1095                           
  1096                           ;main.c: 85:     if(irrigazione == 1 ) RD7 = 1;
  1097     06DC  0376               	decf	Irrigazione@irrigazione,w
  1098     06DD  0477               	iorwf	Irrigazione@irrigazione+1,w
  1099     06DE  1D03               	btfss	3,2
  1100     06DF  2EE1               	goto	u301
  1101     06E0  2EE2               	goto	u300
  1102     06E1                     u301:
  1103     06E1  2EE5               	goto	l810
  1104     06E2                     u300:
  1105     06E2                     l808:
  1106     06E2  1283               	bcf	3,5	;RP0=0, select bank0
  1107     06E3  1303               	bcf	3,6	;RP1=0, select bank0
  1108     06E4  1788               	bsf	8,7	;volatile
  1109     06E5                     l810:
  1110                           
  1111                           ;main.c: 86:     if(irrigazione == 0) RD7 = 0;
  1112     06E5  0876               	movf	Irrigazione@irrigazione,w
  1113     06E6  0477               	iorwf	Irrigazione@irrigazione+1,w
  1114     06E7  1D03               	btfss	3,2
  1115     06E8  2EEA               	goto	u311
  1116     06E9  2EEB               	goto	u310
  1117     06EA                     u311:
  1118     06EA  2EEE               	goto	l51
  1119     06EB                     u310:
  1120     06EB                     l812:
  1121     06EB  1283               	bcf	3,5	;RP0=0, select bank0
  1122     06EC  1303               	bcf	3,6	;RP1=0, select bank0
  1123     06ED  1388               	bcf	8,7	;volatile
  1124     06EE                     l51:
  1125     06EE  0008               	return
  1126     06EF                     __end_of_Irrigazione:
  1127     0002                     ___latbits      equ	2
  1128     007E                     btemp           set	126	;btemp
  1129     007E                     wtemp0          set	126
  1130                           
  1131                           	psect	config
  1132                           
  1133                           ;Config register CONFIG1 @ 0x2007
  1134                           ;	Oscillator Selection bits
  1135                           ;	FOSC = INTRC_NOCLKOUT, INTOSCIO oscillator: I/O function on RA6/OSC2/CLKOUT pin, I/O f
      +                          unction on RA7/OSC1/CLKIN
  1136                           ;	Watchdog Timer Enable bit
  1137                           ;	WDTE = OFF, WDT disabled and can be enabled by SWDTEN bit of the WDTCON register
  1138                           ;	Power-up Timer Enable bit
  1139                           ;	PWRTE = OFF, PWRT disabled
  1140                           ;	RE3/MCLR pin function select bit
  1141                           ;	MCLRE = OFF, RE3/MCLR pin function is digital input, MCLR internally tied to VDD
  1142                           ;	Code Protection bit
  1143                           ;	CP = OFF, Program memory code protection is disabled
  1144                           ;	Data Code Protection bit
  1145                           ;	CPD = OFF, Data memory code protection is disabled
  1146                           ;	Brown Out Reset Selection bits
  1147                           ;	BOREN = OFF, BOR disabled
  1148                           ;	Internal External Switchover bit
  1149                           ;	IESO = OFF, Internal/External Switchover mode is disabled
  1150                           ;	Fail-Safe Clock Monitor Enabled bit
  1151                           ;	FCMEN = OFF, Fail-Safe Clock Monitor is disabled
  1152                           ;	Low Voltage Programming Enable bit
  1153                           ;	LVP = OFF, RB3 pin has digital I/O, HV on MCLR must be used for programming
  1154                           ;	In-Circuit Debugger Mode bit
  1155                           ;	DEBUG = 0x1, unprogrammed default
  1156     2007                     	org	8199
  1157     2007  20D4               	dw	8404
  1158                           
  1159                           ;Config register CONFIG2 @ 0x2008
  1160                           ;	Brown-out Reset Selection bit
  1161                           ;	BOR4V = BOR40V, Brown-out Reset set to 4.0V
  1162                           ;	Flash Program Memory Self Write Enable bits
  1163                           ;	WRT = OFF, Write protection off
  1164     2008                     	org	8200
  1165     2008  3FFF               	dw	16383

Data Sizes:
    Strings     0
    Constant    0
    Data        10
    BSS         0
    Persistent  2
    Stack       0

Auto Spaces:
    Space          Size  Autos    Used
    COMMON           14      8      10
    BANK0            80     10      20
    BANK1            80      0       0
    BANK3            96      0       0
    BANK2            96      0       0

Pointer List with Targets:

    None.

Critical Paths under _main in COMMON

    _main->_Irrigazione

Critical Paths under _main in BANK0

    _main->_Visualizza

Critical Paths under _main in BANK1

    None.

Critical Paths under _main in BANK3

    None.

Critical Paths under _main in BANK2

    None.

Call Graph Tables:

 ---------------------------------------------------------------------------------
 (Depth) Function   	        Calls       Base Space   Used Autos Params    Refs
 ---------------------------------------------------------------------------------
 (0) _main                                                 0     0      0     464
                        _Irrigazione
                         _Visualizza
 ---------------------------------------------------------------------------------
 (1) _Visualizza                                          16    14      2     272
                                              0 COMMON     6     4      2
                                              0 BANK0     10    10      0
 ---------------------------------------------------------------------------------
 (1) _Irrigazione                                          8     0      8     192
                                              0 COMMON     8     0      8
 ---------------------------------------------------------------------------------
 Estimated maximum stack depth 1
 ---------------------------------------------------------------------------------

 Call Graph Graphs:

 _main (ROOT)
   _Irrigazione
   _Visualizza

Address spaces:
Name               Size   Autos  Total    Usage
BANK3               96      0       0      0.0%
BITBANK3            96      0       0      0.0%
BANK2               96      0       0      0.0%
BITBANK2            96      0       0      0.0%
BANK1               80      0       0      0.0%
BITBANK1            80      0       0      0.0%
BANK0               80     10      20     25.0%
BITBANK0            80      0       0      0.0%
COMMON              14      8      10     71.4%
BITCOMMON           14      0       0      0.0%
DATA                 0      0      30      0.0%
STACK                0      0       0      0.0%


Microchip Technology PIC Macro Assembler V3.00 build 20241204225717 
Symbol Table                                                                                   Sat Apr 26 15:36:21 2025

                      pc 0002                       l51 06EE                       l60 06A5  
                     l70 0718                       l71 0717                       l80 0750  
                     l72 0717                       l67 0706                       l76 0747  
                     l69 0709                       l86 0796                       l79 07EA  
                     fsr 0004                      l800 06D0                      l810 06E5  
                    l802 06D3                      l812 06EB                      l804 06D9  
                    l820 067F                      l806 06DC                      l830 069F  
                    l822 0685                      l814 065E                      l808 06E2  
                    l824 068B                      l816 0673                      l840 070F  
                    l832 06EF                      l826 0692                      l818 0679  
                    l850 072F                      l842 0713                      l834 06F8  
                    l828 0698                      l924 07CD                      l860 076E  
                    l852 0742                      l844 071C                      l836 06FC  
                    l790 06B8                      l782 06A6                      l870 0791  
                    l862 0770                      l854 074B                      l846 0720  
                    l838 0702                      l792 06BE                      l784 06AC  
                    l880 07BB                      l872 079A                      l864 0776  
                    l856 0756                      l848 0726                      l794 06C1  
                    l786 06AF                      l882 07C1                      l874 07AD  
                    l866 0778                      l858 075A                      l796 06C7  
                    l788 06B5                      l884 07C5                      l876 07B1  
                    l868 077E                      l798 06CA                      l878 07B7  
                    l886 07C8                      _RB1 0031                      _RB2 0032  
                    _RB3 0033                      _RB4 0034                      _RD2 0042  
                    _RD3 0043                      _RD4 0044                      _RD7 0047  
                    u300 06E2                      u301 06E1                      u310 06EB  
                    u311 06EA                      u240 06AC                      u320 0664  
                    u400 074B                      u241 06AB                      u401 074A  
                    u250 06B5                      u330 0679                      u410 0756  
                    u251 06B4                      u331 0678                      u411 0755  
                    u260 06BE                      u340 0685                      u420 0776  
                    u261 06BD                      u341 0684                      u421 0775  
                    u270 06C7                      u350 0692                      u430 077E  
                    u271 06C6                      u351 0691                      u431 077D  
                    u280 06D0                      u360 069F                      u440 079A  
                    u281 06CF                      u361 069E                      u441 0799  
                    u290 06D9                      u450 07B7                      u370 070F  
                    u291 06D8                      u451 07B6                      u371 070E  
                    u460 07C1                      u380 071C                      u461 07C0  
                    u381 071B                      u390 0726                      u391 0725  
                    fsr0 0004                      indf 0000         Irrigazione@power 0070  
                   _main 06EF                     btemp 007E                     start 0000  
                  ?_main 0070                    _ANSEL 0188                    _PORTA 0005  
                  _PORTB 0006                    _PORTC 0007                    _PORTD 0008  
                  _TRISA 0085                    _TRISB 0086                    _TRISC 0087  
                  _TRISD 0088                    _stato 0078                    pclath 000A  
                  status 0003                    wtemp0 007E          __initialization 07EE  
           __end_of_main 07EE            ??_Irrigazione 0078                   ??_main 0078  
                 _ANSELH 0189                   _INTCON 000B      __end_of_Irrigazione 06EF  
__end_of__initialization 07FC               _Visualizza 065E           __pcstackCOMMON 0070  
           __pidataBANK0 0641               __pnvCOMMON 0078               __pmaintext 06EF  
            _Irrigazione 06A6      Irrigazione@velocita 0074              ?_Visualizza 0070  
                __ptext1 065E                  __ptext2 06A6     end_of_initialization 07FC  
        Visualizza@F1427 0020      start_initialization 07EE               init_fetch0 064B  
           ?_Irrigazione 0070              __pdataBANK0 0020                ___latbits 0002  
          __pcstackBANK0 002A             ??_Visualizza 0072     Irrigazione@direzione 0072  
     __end_of_Visualizza 06A6   Irrigazione@irrigazione 0076                 init_ram0 064F  
      Visualizza@display 0070        Visualizza@lettera 002A               _OPTION_REG 0081  
