

Microchip MPLAB XC8 Assembler V3.00 build 20241204225717 
                                                                                               Tue Apr 29 00:13:08 2025

Microchip MPLAB XC8 C Compiler v3.00 (Free license) build 20241204225717 Og1 
     1                           	processor	16F887
     2                           	pagewidth 120
     3                           	opt	flic
     4                           	psect	idataBANK0,global,class=CODE,space=0,delta=2,noexec
     5                           	psect	nvCOMMON,global,class=COMMON,space=1,delta=1,noexec
     6                           	psect	cinit,global,class=CODE,space=0,merge=1,delta=2
     7                           	psect	dataBANK0,global,class=BANK0,space=1,delta=1,noexec
     8                           	psect	inittext,global,class=CODE,space=0,delta=2
     9                           	psect	cstackCOMMON,global,class=COMMON,space=1,delta=1,noexec
    10                           	psect	cstackBANK0,global,class=BANK0,space=1,delta=1,noexec
    11                           	psect	maintext,global,class=CODE,space=0,split=1,delta=2
    12                           	psect	text1,local,class=CODE,space=0,merge=1,delta=2
    13                           	psect	text2,local,class=CODE,space=0,merge=1,delta=2
    14                           	psect	config,global,abs,ovrld,class=CONFIG,space=4,delta=2,noexec
    15                           	dabs	1,0x7E,2
    16     0000                     
    17                           ; Generated 22/03/2023 GMT
    18                           ; 
    19                           ; Copyright © 2023, Microchip Technology Inc. and its subsidiaries ("Microchip")
    20                           ; All rights reserved.
    21                           ; 
    22                           ; This software is developed by Microchip Technology Inc. and its subsidiaries ("Microch
      +                          ip").
    23                           ; 
    24                           ; Redistribution and use in source and binary forms, with or without modification, are
    25                           ; permitted provided that the following conditions are met:
    26                           ; 
    27                           ;     1. Redistributions of source code must retain the above copyright notice, this lis
      +                          t of
    28                           ;        conditions and the following disclaimer.
    29                           ; 
    30                           ;     2. Redistributions in binary form must reproduce the above copyright notice, this 
      +                          list
    31                           ;        of conditions and the following disclaimer in the documentation and/or other
    32                           ;        materials provided with the distribution. Publication is not required when
    33                           ;        this file is used in an embedded application.
    34                           ; 
    35                           ;     3. Microchip's name may not be used to endorse or promote products derived from th
      +                          is
    36                           ;        software without specific prior written permission.
    37                           ; 
    38                           ; THIS SOFTWARE IS PROVIDED BY MICROCHIP "AS IS" AND ANY EXPRESS OR IMPLIED WARRANTIES,
    39                           ; INCLUDING, BUT NOT LIMITED TO, THE IMPLIED WARRANTIES OF MERCHANTABILITY AND FITNESS F
      +                          OR
    40                           ; PURPOSE ARE DISCLAIMED.  IN NO EVENT SHALL MICROCHIP BE LIABLE FOR ANY DIRECT, INDIREC
      +                          T,
    41                           ; INCIDENTAL, SPECIAL, EXEMPLARY, OR CONSEQUENTIAL DAMAGES (INCLUDING BUT NOT LIMITED TO
    42                           ; PROCUREMENT OF SUBSTITUTE GOODS OR SERVICES; LOSS OF USE, DATA OR PROFITS; OR BUSINESS
    43                           ; INTERRUPTION) HOWSOEVER CAUSED AND ON ANY THEORY OF LIABILITY, WHETHER IN CONTRACT, ST
      +                          RICT
    44                           ; LIABILITY, OR TORT (INCLUDING NEGLIGENCE OR OTHERWISE) ARISING IN ANY WAY OUT OF THE U
      +                          SE OF
    45                           ; THIS SOFTWARE, EVEN IF ADVISED OF THE POSSIBILITY OF SUCH DAMAGE.
    46                           ; 
    47                           ; 
    48                           ; Code-generator required, PIC16F887 Definitions
    49                           ; 
    50                           ; SFR Addresses
    51     0004                     fsr             equ	4
    52     0004                     fsr0            equ	4
    53     0000                     indf            equ	0
    54     0000                     indf0           equ	0
    55     0002                     pc              equ	2
    56     0002                     pcl             equ	2
    57     000A                     pclath          equ	10
    58     0003                     status          equ	3
    59     0000                     INDF            equ	0	;# 
    60     0001                     TMR0            equ	1	;# 
    61     0002                     PCL             equ	2	;# 
    62     0003                     STATUS          equ	3	;# 
    63     0004                     FSR             equ	4	;# 
    64     0005                     PORTA           equ	5	;# 
    65     0006                     PORTB           equ	6	;# 
    66     0007                     PORTC           equ	7	;# 
    67     0008                     PORTD           equ	8	;# 
    68     0009                     PORTE           equ	9	;# 
    69     000A                     PCLATH          equ	10	;# 
    70     000B                     INTCON          equ	11	;# 
    71     000C                     PIR1            equ	12	;# 
    72     000D                     PIR2            equ	13	;# 
    73     000E                     TMR1            equ	14	;# 
    74     000E                     TMR1L           equ	14	;# 
    75     000F                     TMR1H           equ	15	;# 
    76     0010                     T1CON           equ	16	;# 
    77     0011                     TMR2            equ	17	;# 
    78     0012                     T2CON           equ	18	;# 
    79     0013                     SSPBUF          equ	19	;# 
    80     0014                     SSPCON          equ	20	;# 
    81     0015                     CCPR1           equ	21	;# 
    82     0015                     CCPR1L          equ	21	;# 
    83     0016                     CCPR1H          equ	22	;# 
    84     0017                     CCP1CON         equ	23	;# 
    85     0018                     RCSTA           equ	24	;# 
    86     0019                     TXREG           equ	25	;# 
    87     001A                     RCREG           equ	26	;# 
    88     001B                     CCPR2           equ	27	;# 
    89     001B                     CCPR2L          equ	27	;# 
    90     001C                     CCPR2H          equ	28	;# 
    91     001D                     CCP2CON         equ	29	;# 
    92     001E                     ADRESH          equ	30	;# 
    93     001F                     ADCON0          equ	31	;# 
    94     0081                     OPTION_REG      equ	129	;# 
    95     0085                     TRISA           equ	133	;# 
    96     0086                     TRISB           equ	134	;# 
    97     0087                     TRISC           equ	135	;# 
    98     0088                     TRISD           equ	136	;# 
    99     0089                     TRISE           equ	137	;# 
   100     008C                     PIE1            equ	140	;# 
   101     008D                     PIE2            equ	141	;# 
   102     008E                     PCON            equ	142	;# 
   103     008F                     OSCCON          equ	143	;# 
   104     0090                     OSCTUNE         equ	144	;# 
   105     0091                     SSPCON2         equ	145	;# 
   106     0092                     PR2             equ	146	;# 
   107     0093                     SSPADD          equ	147	;# 
   108     0093                     SSPMSK          equ	147	;# 
   109     0093                     MSK             equ	147	;# 
   110     0094                     SSPSTAT         equ	148	;# 
   111     0095                     WPUB            equ	149	;# 
   112     0096                     IOCB            equ	150	;# 
   113     0097                     VRCON           equ	151	;# 
   114     0098                     TXSTA           equ	152	;# 
   115     0099                     SPBRG           equ	153	;# 
   116     009A                     SPBRGH          equ	154	;# 
   117     009B                     PWM1CON         equ	155	;# 
   118     009C                     ECCPAS          equ	156	;# 
   119     009D                     PSTRCON         equ	157	;# 
   120     009E                     ADRESL          equ	158	;# 
   121     009F                     ADCON1          equ	159	;# 
   122     0105                     WDTCON          equ	261	;# 
   123     0107                     CM1CON0         equ	263	;# 
   124     0108                     CM2CON0         equ	264	;# 
   125     0109                     CM2CON1         equ	265	;# 
   126     010C                     EEDATA          equ	268	;# 
   127     010C                     EEDAT           equ	268	;# 
   128     010D                     EEADR           equ	269	;# 
   129     010E                     EEDATH          equ	270	;# 
   130     010F                     EEADRH          equ	271	;# 
   131     0185                     SRCON           equ	389	;# 
   132     0187                     BAUDCTL         equ	391	;# 
   133     0188                     ANSEL           equ	392	;# 
   134     0189                     ANSELH          equ	393	;# 
   135     018C                     EECON1          equ	396	;# 
   136     018D                     EECON2          equ	397	;# 
   137     0000                     INDF            equ	0	;# 
   138     0001                     TMR0            equ	1	;# 
   139     0002                     PCL             equ	2	;# 
   140     0003                     STATUS          equ	3	;# 
   141     0004                     FSR             equ	4	;# 
   142     0005                     PORTA           equ	5	;# 
   143     0006                     PORTB           equ	6	;# 
   144     0007                     PORTC           equ	7	;# 
   145     0008                     PORTD           equ	8	;# 
   146     0009                     PORTE           equ	9	;# 
   147     000A                     PCLATH          equ	10	;# 
   148     000B                     INTCON          equ	11	;# 
   149     000C                     PIR1            equ	12	;# 
   150     000D                     PIR2            equ	13	;# 
   151     000E                     TMR1            equ	14	;# 
   152     000E                     TMR1L           equ	14	;# 
   153     000F                     TMR1H           equ	15	;# 
   154     0010                     T1CON           equ	16	;# 
   155     0011                     TMR2            equ	17	;# 
   156     0012                     T2CON           equ	18	;# 
   157     0013                     SSPBUF          equ	19	;# 
   158     0014                     SSPCON          equ	20	;# 
   159     0015                     CCPR1           equ	21	;# 
   160     0015                     CCPR1L          equ	21	;# 
   161     0016                     CCPR1H          equ	22	;# 
   162     0017                     CCP1CON         equ	23	;# 
   163     0018                     RCSTA           equ	24	;# 
   164     0019                     TXREG           equ	25	;# 
   165     001A                     RCREG           equ	26	;# 
   166     001B                     CCPR2           equ	27	;# 
   167     001B                     CCPR2L          equ	27	;# 
   168     001C                     CCPR2H          equ	28	;# 
   169     001D                     CCP2CON         equ	29	;# 
   170     001E                     ADRESH          equ	30	;# 
   171     001F                     ADCON0          equ	31	;# 
   172     0081                     OPTION_REG      equ	129	;# 
   173     0085                     TRISA           equ	133	;# 
   174     0086                     TRISB           equ	134	;# 
   175     0087                     TRISC           equ	135	;# 
   176     0088                     TRISD           equ	136	;# 
   177     0089                     TRISE           equ	137	;# 
   178     008C                     PIE1            equ	140	;# 
   179     008D                     PIE2            equ	141	;# 
   180     008E                     PCON            equ	142	;# 
   181     008F                     OSCCON          equ	143	;# 
   182     0090                     OSCTUNE         equ	144	;# 
   183     0091                     SSPCON2         equ	145	;# 
   184     0092                     PR2             equ	146	;# 
   185     0093                     SSPADD          equ	147	;# 
   186     0093                     SSPMSK          equ	147	;# 
   187     0093                     MSK             equ	147	;# 
   188     0094                     SSPSTAT         equ	148	;# 
   189     0095                     WPUB            equ	149	;# 
   190     0096                     IOCB            equ	150	;# 
   191     0097                     VRCON           equ	151	;# 
   192     0098                     TXSTA           equ	152	;# 
   193     0099                     SPBRG           equ	153	;# 
   194     009A                     SPBRGH          equ	154	;# 
   195     009B                     PWM1CON         equ	155	;# 
   196     009C                     ECCPAS          equ	156	;# 
   197     009D                     PSTRCON         equ	157	;# 
   198     009E                     ADRESL          equ	158	;# 
   199     009F                     ADCON1          equ	159	;# 
   200     0105                     WDTCON          equ	261	;# 
   201     0107                     CM1CON0         equ	263	;# 
   202     0108                     CM2CON0         equ	264	;# 
   203     0109                     CM2CON1         equ	265	;# 
   204     010C                     EEDATA          equ	268	;# 
   205     010C                     EEDAT           equ	268	;# 
   206     010D                     EEADR           equ	269	;# 
   207     010E                     EEDATH          equ	270	;# 
   208     010F                     EEADRH          equ	271	;# 
   209     0185                     SRCON           equ	389	;# 
   210     0187                     BAUDCTL         equ	391	;# 
   211     0188                     ANSEL           equ	392	;# 
   212     0189                     ANSELH          equ	393	;# 
   213     018C                     EECON1          equ	396	;# 
   214     018D                     EECON2          equ	397	;# 
   215                           
   216                           	psect	idataBANK0
   217     0621                     __pidataBANK0:
   218                           
   219                           ;initializer for Visualizza@F1427
   220     0621  347E               	retlw	126
   221     0622  3400               	retlw	0
   222     0623  34E2               	retlw	226
   223     0624  3400               	retlw	0
   224     0625  34F2               	retlw	242
   225     0626  3400               	retlw	0
   226     0627  34A8               	retlw	168
   227     0628  3400               	retlw	0
   228     0629  34B0               	retlw	176
   229     062A  3400               	retlw	0
   230                           
   231                           	psect	nvCOMMON
   232     007C                     __pnvCOMMON:
   233     007C                     _stato:
   234     007C                     	ds	2
   235     000B                     _INTCON         set	11
   236     0008                     _PORTD          set	8
   237     0006                     _PORTB          set	6
   238     0005                     _PORTA          set	5
   239     0007                     _PORTC          set	7
   240     0046                     _RD6            set	70
   241     0045                     _RD5            set	69
   242     0032                     _RB2            set	50
   243     0033                     _RB3            set	51
   244     0034                     _RB4            set	52
   245     0031                     _RB1            set	49
   246     0047                     _RD7            set	71
   247     0043                     _RD3            set	67
   248     0042                     _RD2            set	66
   249     0044                     _RD4            set	68
   250     0081                     _OPTION_REG     set	129
   251     0088                     _TRISD          set	136
   252     0087                     _TRISC          set	135
   253     0086                     _TRISB          set	134
   254     0085                     _TRISA          set	133
   255     0189                     _ANSELH         set	393
   256     0188                     _ANSEL          set	392
   257                           
   258                           	psect	cinit
   259     07EE                     start_initialization:	
   260                           ; #config settings
   261                           
   262     07EE                     __initialization:
   263                           
   264                           ; Initialize objects allocated to BANK0
   265     07EE  1383               	bcf	3,7	;select IRP bank0
   266     07EF  302A               	movlw	low (__pdataBANK0+10)
   267     07F0  00FD               	movwf	btemp+-1
   268     07F1  3006               	movlw	high __pidataBANK0
   269     07F2  00FE               	movwf	btemp
   270     07F3  3021               	movlw	low __pidataBANK0
   271     07F4  00FF               	movwf	btemp+1
   272     07F5  3020               	movlw	low __pdataBANK0
   273     07F6  0084               	movwf	4
   274     07F7  120A  118A  262F  120A  118A  	fcall	init_ram0
   275     07FC                     end_of_initialization:	
   276                           ;End of C runtime variable initialization code
   277                           
   278     07FC                     __end_of__initialization:
   279     07FC  0183               	clrf	3
   280     07FD  120A  118A  2ECF   	ljmp	_main	;jump to C main() function
   281                           
   282                           	psect	dataBANK0
   283     0020                     __pdataBANK0:
   284     0020                     Visualizza@F1427:
   285     0020                     	ds	10
   286                           
   287                           	psect	inittext
   288     062B                     init_fetch0:	
   289                           ;	Called with low address in FSR and high address in W
   290                           
   291     062B  087E               	movf	btemp,w
   292     062C  008A               	movwf	10
   293     062D  087F               	movf	btemp+1,w
   294     062E  0082               	movwf	2
   295     062F                     init_ram0:	
   296                           ;Called with:
   297                           ;	high address of idata address in btemp 
   298                           ;	low address of idata address in btemp+1 
   299                           ;	low address of data in FSR
   300                           ;	high address + 1 of data in btemp-1
   301                           
   302     062F  120A  118A  262B  120A  118A  	fcall	init_fetch0
   303     0634  0080               	movwf	0
   304     0635  0A84               	incf	4,f
   305     0636  0804               	movf	4,w
   306     0637  067D               	xorwf	btemp+-1,w
   307     0638  1903               	btfsc	3,2
   308     0639  3400               	retlw	0
   309     063A  0AFF               	incf	btemp+1,f
   310     063B  1903               	btfsc	3,2
   311     063C  0AFE               	incf	btemp,f
   312     063D  2E2F               	goto	init_ram0
   313                           
   314                           	psect	cstackCOMMON
   315     0071                     __pcstackCOMMON:
   316     0071                     ?_Irrigazione:
   317     0071                     ?_Visualizza:	
   318                           ; 1 bytes @ 0x0
   319                           
   320     0071                     ?_main:	
   321                           ; 1 bytes @ 0x0
   322                           
   323     0071                     Irrigazione@power:	
   324                           ; 1 bytes @ 0x0
   325                           
   326     0071                     Visualizza@display:	
   327                           ; 2 bytes @ 0x0
   328                           
   329                           
   330                           ; 2 bytes @ 0x0
   331     0071                     	ds	2
   332     0073                     Irrigazione@direzione:
   333     0073                     ??_Visualizza:	
   334                           ; 2 bytes @ 0x2
   335                           
   336                           
   337                           ; 1 bytes @ 0x2
   338     0073                     	ds	2
   339     0075                     Irrigazione@velocita:
   340                           
   341                           ; 2 bytes @ 0x4
   342     0075                     	ds	2
   343     0077                     Irrigazione@irrigazione:
   344                           
   345                           ; 2 bytes @ 0x6
   346     0077                     	ds	2
   347     0079                     ??_Irrigazione:
   348     0079                     ??_main:	
   349                           ; 1 bytes @ 0x8
   350                           
   351                           
   352                           ; 1 bytes @ 0x8
   353     0079                     	ds	3
   354                           
   355                           	psect	cstackBANK0
   356     002A                     __pcstackBANK0:
   357     002A                     Visualizza@lettera:
   358                           
   359                           ; 10 bytes @ 0x0
   360     002A                     	ds	10
   361                           
   362                           	psect	maintext
   363     06CF                     __pmaintext:	
   364 ;;
   365 ;;Main: autosize = 0, tempsize = 3, incstack = 0, save=0
   366 ;;
   367 ;; *************** function _main *****************
   368 ;; Defined at:
   369 ;;		line 121 in file "main.c"
   370 ;; Parameters:    Size  Location     Type
   371 ;;		None
   372 ;; Auto vars:     Size  Location     Type
   373 ;;		None
   374 ;; Return value:  Size  Location     Type
   375 ;;                  1    wreg      void 
   376 ;; Registers used:
   377 ;;		wreg, fsr0l, fsr0h, status,2, status,0, pclath, cstack
   378 ;; Tracked objects:
   379 ;;		On entry : B00/0
   380 ;;		On exit  : 0/0
   381 ;;		Unchanged: 0/0
   382 ;; Data sizes:     COMMON   BANK0   BANK1   BANK3   BANK2
   383 ;;      Params:         0       0       0       0       0
   384 ;;      Locals:         0       0       0       0       0
   385 ;;      Temps:          3       0       0       0       0
   386 ;;      Totals:         3       0       0       0       0
   387 ;;Total ram usage:        3 bytes
   388 ;; Hardware stack levels required when called: 1
   389 ;; This function calls:
   390 ;;		_Irrigazione
   391 ;;		_Visualizza
   392 ;; This function is called by:
   393 ;;		Startup code after reset
   394 ;; This function uses a non-reentrant model
   395 ;;
   396                           
   397     06CF                     _main:	
   398                           ;psect for function _main
   399                           
   400     06CF                     l840:	
   401                           ;incstack = 0
   402                           ; Regs used in _main: [wreg-fsr0h+status,2+status,0+pclath+cstack]
   403                           
   404                           
   405                           ;main.c: 124:     PORTA = 0x00;
   406     06CF  1283               	bcf	3,5	;RP0=0, select bank0
   407     06D0  1303               	bcf	3,6	;RP1=0, select bank0
   408     06D1  0185               	clrf	5	;volatile
   409                           
   410                           ;main.c: 125:     PORTB = 0x00;
   411     06D2  0186               	clrf	6	;volatile
   412                           
   413                           ;main.c: 126:     PORTC = 0x00;
   414     06D3  0187               	clrf	7	;volatile
   415                           
   416                           ;main.c: 127:     PORTD = 0x00;
   417     06D4  0188               	clrf	8	;volatile
   418                           
   419                           ;main.c: 130:     TRISA = 0b00000000;
   420     06D5  1683               	bsf	3,5	;RP0=1, select bank1
   421     06D6  1303               	bcf	3,6	;RP1=0, select bank1
   422     06D7  0185               	clrf	5	;volatile
   423     06D8                     l842:
   424                           
   425                           ;main.c: 131:     TRISB = 0b11111111;
   426     06D8  30FF               	movlw	255
   427     06D9  0086               	movwf	6	;volatile
   428                           
   429                           ;main.c: 132:     TRISC = 0b00000000;
   430     06DA  0187               	clrf	7	;volatile
   431                           
   432                           ;main.c: 133:     TRISD = 0b00000000;
   433     06DB  0188               	clrf	8	;volatile
   434     06DC                     l844:
   435                           
   436                           ;main.c: 136:     INTCON = 0b1011100;
   437     06DC  305C               	movlw	92
   438     06DD  008B               	movwf	11	;volatile
   439                           
   440                           ;main.c: 138:     ANSEL = 0x00;
   441     06DE  1683               	bsf	3,5	;RP0=1, select bank3
   442     06DF  1703               	bsf	3,6	;RP1=1, select bank3
   443     06E0  0188               	clrf	8	;volatile
   444                           
   445                           ;main.c: 139:     ANSELH = 0x00;
   446     06E1  0189               	clrf	9	;volatile
   447     06E2                     l846:
   448                           
   449                           ;main.c: 141:     OPTION_REG = 0b00000011;
   450     06E2  3003               	movlw	3
   451     06E3  1683               	bsf	3,5	;RP0=1, select bank1
   452     06E4  1303               	bcf	3,6	;RP1=0, select bank1
   453     06E5  0081               	movwf	1	;volatile
   454     06E6                     l73:	
   455                           ;main.c: 146:     while (1)
   456                           
   457                           
   458                           ;main.c: 147:     {;main.c: 148:           stato=0;
   459     06E6  01FC               	clrf	_stato
   460     06E7  01FD               	clrf	_stato+1
   461                           
   462                           ;main.c: 150:         switch(stato)
   463     06E8  2FC2               	goto	l896
   464     06E9                     l75:	
   465                           ;main.c: 151:         {;main.c: 152:             case 0:
   466                           
   467                           
   468                           ;main.c: 153:                 if(RB1 == 0)
   469     06E9  1283               	bcf	3,5	;RP0=0, select bank0
   470     06EA  1303               	bcf	3,6	;RP1=0, select bank0
   471     06EB  1886               	btfsc	6,1	;volatile
   472     06EC  2EEE               	goto	u381
   473     06ED  2EEF               	goto	u380
   474     06EE                     u381:
   475     06EE  2EF7               	goto	l852
   476     06EF                     u380:
   477     06EF                     l848:
   478                           
   479                           ;main.c: 154:                 {;main.c: 155:                     PORTA=0b11111111;
   480     06EF  30FF               	movlw	255
   481     06F0  0085               	movwf	5	;volatile
   482                           
   483                           ;main.c: 156:                     PORTC=0b11111111;
   484     06F1  30FF               	movlw	255
   485     06F2  0087               	movwf	7	;volatile
   486     06F3                     l850:
   487                           
   488                           ;main.c: 157:                     stato=1;
   489     06F3  3001               	movlw	1
   490     06F4  00FC               	movwf	_stato
   491     06F5  3000               	movlw	0
   492     06F6  00FD               	movwf	_stato+1
   493     06F7                     l852:
   494                           
   495                           ;main.c: 160:                 if (RB4 ==1)
   496     06F7  1E06               	btfss	6,4	;volatile
   497     06F8  2EFA               	goto	u391
   498     06F9  2EFB               	goto	u390
   499     06FA                     u391:
   500     06FA  2EE6               	goto	l73
   501     06FB                     u390:
   502     06FB                     l854:
   503                           
   504                           ;main.c: 161:                 {;main.c: 162:                     stato=10;
   505     06FB  300A               	movlw	10
   506     06FC  00FC               	movwf	_stato
   507     06FD  3000               	movlw	0
   508     06FE  00FD               	movwf	_stato+1
   509     06FF  2EE6               	goto	l73
   510     0700                     l79:	
   511                           ;main.c: 166:             case 1:
   512                           
   513                           
   514                           ;main.c: 167:                 if(RB3==1)
   515     0700  1283               	bcf	3,5	;RP0=0, select bank0
   516     0701  1303               	bcf	3,6	;RP1=0, select bank0
   517     0702  1D86               	btfss	6,3	;volatile
   518     0703  2F05               	goto	u401
   519     0704  2F06               	goto	u400
   520     0705                     u401:
   521     0705  2F27               	goto	l80
   522     0706                     u400:
   523     0706                     l856:
   524                           
   525                           ;main.c: 168:                 {;main.c: 169:                     Visualizza(2);
   526     0706  3002               	movlw	2
   527     0707  00F1               	movwf	Visualizza@display
   528     0708  3000               	movlw	0
   529     0709  00F2               	movwf	Visualizza@display+1
   530     070A  120A  118A  263E  120A  118A  	fcall	_Visualizza
   531     070F                     l858:
   532                           
   533                           ;main.c: 170:                     Irrigazione(1, 0, 1, 0);
   534     070F  3001               	movlw	1
   535     0710  00F1               	movwf	Irrigazione@power
   536     0711  3000               	movlw	0
   537     0712  00F2               	movwf	Irrigazione@power+1
   538     0713  3000               	movlw	0
   539     0714  00F3               	movwf	Irrigazione@direzione
   540     0715  00F4               	movwf	Irrigazione@direzione+1
   541     0716  3001               	movlw	1
   542     0717  00F5               	movwf	Irrigazione@velocita
   543     0718  3000               	movlw	0
   544     0719  00F6               	movwf	Irrigazione@velocita+1
   545     071A  3000               	movlw	0
   546     071B  00F7               	movwf	Irrigazione@irrigazione
   547     071C  00F8               	movwf	Irrigazione@irrigazione+1
   548     071D  120A  118A  2686  120A  118A  	fcall	_Irrigazione
   549     0722                     l860:
   550                           
   551                           ;main.c: 171:                     stato=2;
   552     0722  3002               	movlw	2
   553     0723  00FC               	movwf	_stato
   554     0724  3000               	movlw	0
   555     0725  00FD               	movwf	_stato+1
   556                           
   557                           ;main.c: 172:                 }
   558     0726  2EE6               	goto	l73
   559     0727                     l80:	
   560                           ;main.c: 173:                 else if(RB3==0)stato=3;
   561                           
   562     0727  1986               	btfsc	6,3	;volatile
   563     0728  2F2A               	goto	u411
   564     0729  2F2B               	goto	u410
   565     072A                     u411:
   566     072A  2FEA               	goto	l78
   567     072B                     u410:
   568     072B                     l862:
   569     072B  3003               	movlw	3
   570     072C  00FC               	movwf	_stato
   571     072D  3000               	movlw	0
   572     072E  00FD               	movwf	_stato+1
   573     072F  2EE6               	goto	l73
   574     0730                     l83:	
   575                           ;main.c: 176:             case 2:
   576                           
   577                           
   578                           ;main.c: 177:                 if(RB3==0)stato=3;
   579     0730  1283               	bcf	3,5	;RP0=0, select bank0
   580     0731  1303               	bcf	3,6	;RP1=0, select bank0
   581     0732  1986               	btfsc	6,3	;volatile
   582     0733  2F35               	goto	u421
   583     0734  2F36               	goto	u420
   584     0735                     u421:
   585     0735  2EE6               	goto	l73
   586     0736                     u420:
   587     0736  2F2B               	goto	l862
   588     0737                     l866:
   589                           
   590                           ;main.c: 181:                 Irrigazione(1, 1, 0, 1);
   591     0737  3001               	movlw	1
   592     0738  00F1               	movwf	Irrigazione@power
   593     0739  3000               	movlw	0
   594     073A  00F2               	movwf	Irrigazione@power+1
   595     073B  3001               	movlw	1
   596     073C  00F3               	movwf	Irrigazione@direzione
   597     073D  3000               	movlw	0
   598     073E  00F4               	movwf	Irrigazione@direzione+1
   599     073F  3000               	movlw	0
   600     0740  00F5               	movwf	Irrigazione@velocita
   601     0741  00F6               	movwf	Irrigazione@velocita+1
   602     0742  3001               	movlw	1
   603     0743  00F7               	movwf	Irrigazione@irrigazione
   604     0744  3000               	movlw	0
   605     0745  00F8               	movwf	Irrigazione@irrigazione+1
   606     0746  120A  118A  2686  120A  118A  	fcall	_Irrigazione
   607     074B                     l868:
   608                           
   609                           ;main.c: 182:                 stato=0;
   610     074B  01FC               	clrf	_stato
   611     074C  01FD               	clrf	_stato+1
   612                           
   613                           ;main.c: 183:                 break;
   614     074D  2EE6               	goto	l73
   615     074E                     l86:	
   616                           ;main.c: 185:             case 4:
   617                           
   618                           
   619                           ;main.c: 186:                 if (RB2==0) stato=0;
   620     074E  1283               	bcf	3,5	;RP0=0, select bank0
   621     074F  1303               	bcf	3,6	;RP1=0, select bank0
   622     0750  1906               	btfsc	6,2	;volatile
   623     0751  2F53               	goto	u431
   624     0752  2F54               	goto	u430
   625     0753                     u431:
   626     0753  2EE6               	goto	l73
   627     0754                     u430:
   628     0754  2F4B               	goto	l868
   629     0755                     l88:	
   630                           ;main.c: 189:             case 5:
   631                           
   632                           
   633                           ;main.c: 190:                 if (RB4==0)
   634     0755  1283               	bcf	3,5	;RP0=0, select bank0
   635     0756  1303               	bcf	3,6	;RP1=0, select bank0
   636     0757  1A06               	btfsc	6,4	;volatile
   637     0758  2F5A               	goto	u441
   638     0759  2F5B               	goto	u440
   639     075A                     u441:
   640     075A  2F73               	goto	l89
   641     075B                     u440:
   642     075B                     l872:
   643                           
   644                           ;main.c: 191:                 {;main.c: 192:                     Irrigazione(1, 0, 1, 0)
      +                          ;
   645     075B  3001               	movlw	1
   646     075C  00F1               	movwf	Irrigazione@power
   647     075D  3000               	movlw	0
   648     075E  00F2               	movwf	Irrigazione@power+1
   649     075F  3000               	movlw	0
   650     0760  00F3               	movwf	Irrigazione@direzione
   651     0761  00F4               	movwf	Irrigazione@direzione+1
   652     0762  3001               	movlw	1
   653     0763  00F5               	movwf	Irrigazione@velocita
   654     0764  3000               	movlw	0
   655     0765  00F6               	movwf	Irrigazione@velocita+1
   656     0766  3000               	movlw	0
   657     0767  00F7               	movwf	Irrigazione@irrigazione
   658     0768  00F8               	movwf	Irrigazione@irrigazione+1
   659     0769  120A  118A  2686  120A  118A  	fcall	_Irrigazione
   660     076E                     l874:
   661                           
   662                           ;main.c: 193:                     stato=6;
   663     076E  3006               	movlw	6
   664     076F  00FC               	movwf	_stato
   665     0770  3000               	movlw	0
   666     0771  00FD               	movwf	_stato+1
   667                           
   668                           ;main.c: 194:                 }
   669     0772  2EE6               	goto	l73
   670     0773                     l89:	
   671                           ;main.c: 195:                 else if (RB4==1)
   672                           
   673     0773  1E06               	btfss	6,4	;volatile
   674     0774  2F76               	goto	u451
   675     0775  2F77               	goto	u450
   676     0776                     u451:
   677     0776  2FEA               	goto	l78
   678     0777                     u450:
   679     0777                     l876:
   680                           
   681                           ;main.c: 196:                 {;main.c: 197:                     Irrigazione(1,0, 0, 1);
   682     0777  3001               	movlw	1
   683     0778  00F1               	movwf	Irrigazione@power
   684     0779  3000               	movlw	0
   685     077A  00F2               	movwf	Irrigazione@power+1
   686     077B  3000               	movlw	0
   687     077C  00F3               	movwf	Irrigazione@direzione
   688     077D  00F4               	movwf	Irrigazione@direzione+1
   689     077E  3000               	movlw	0
   690     077F  00F5               	movwf	Irrigazione@velocita
   691     0780  00F6               	movwf	Irrigazione@velocita+1
   692     0781  3001               	movlw	1
   693     0782  00F7               	movwf	Irrigazione@irrigazione
   694     0783  3000               	movlw	0
   695     0784  00F8               	movwf	Irrigazione@irrigazione+1
   696     0785  120A  118A  2686  120A  118A  	fcall	_Irrigazione
   697     078A                     l878:
   698                           
   699                           ;main.c: 198:                     stato=7;
   700     078A  3007               	movlw	7
   701     078B  00FC               	movwf	_stato
   702     078C  3000               	movlw	0
   703     078D  00FD               	movwf	_stato+1
   704     078E  2EE6               	goto	l73
   705     078F                     l92:	
   706                           ;main.c: 202:             case 6:
   707                           
   708                           
   709                           ;main.c: 203:                 if (RB3==0)
   710     078F  1283               	bcf	3,5	;RP0=0, select bank0
   711     0790  1303               	bcf	3,6	;RP1=0, select bank0
   712     0791  1986               	btfsc	6,3	;volatile
   713     0792  2F94               	goto	u461
   714     0793  2F95               	goto	u460
   715     0794                     u461:
   716     0794  2EE6               	goto	l73
   717     0795                     u460:
   718     0795                     l880:
   719                           
   720                           ;main.c: 204:                 {;main.c: 206:                     stato=8;
   721     0795  3008               	movlw	8
   722     0796  00FC               	movwf	_stato
   723     0797  3000               	movlw	0
   724     0798  00FD               	movwf	_stato+1
   725     0799  2EE6               	goto	l73
   726     079A                     l94:	
   727                           ;main.c: 210:             case 7:
   728                           
   729                           
   730                           ;main.c: 211:                 if (RB3==0)
   731     079A  1283               	bcf	3,5	;RP0=0, select bank0
   732     079B  1303               	bcf	3,6	;RP1=0, select bank0
   733     079C  1986               	btfsc	6,3	;volatile
   734     079D  2F9F               	goto	u471
   735     079E  2FA0               	goto	u470
   736     079F                     u471:
   737     079F  2EE6               	goto	l73
   738     07A0                     u470:
   739     07A0  2F95               	goto	l880
   740     07A1                     l97:	
   741                           ;main.c: 222:             case 10:
   742                           
   743                           
   744                           ;main.c: 223:                 RD5 = 1;
   745     07A1  1283               	bcf	3,5	;RP0=0, select bank0
   746     07A2  1303               	bcf	3,6	;RP1=0, select bank0
   747     07A3  1688               	bsf	8,5	;volatile
   748     07A4                     l886:
   749                           
   750                           ;main.c: 224:                 _delay((unsigned long)((3000)*(4000000/4000.0)));
   751     07A4  3010               	movlw	16
   752     07A5  00FB               	movwf	??_main+2
   753     07A6  3039               	movlw	57
   754     07A7  00FA               	movwf	??_main+1
   755     07A8  300D               	movlw	13
   756     07A9  00F9               	movwf	??_main
   757     07AA                     u497:
   758     07AA  0BF9               	decfsz	??_main,f
   759     07AB  2FAA               	goto	u497
   760     07AC  0BFA               	decfsz	??_main+1,f
   761     07AD  2FAA               	goto	u497
   762     07AE  0BFB               	decfsz	??_main+2,f
   763     07AF  2FAA               	goto	u497
   764     07B0  2FB1               	nop2
   765     07B1                     l888:
   766                           
   767                           ;main.c: 225:                 RD6 = 1;
   768     07B1  1283               	bcf	3,5	;RP0=0, select bank0
   769     07B2  1303               	bcf	3,6	;RP1=0, select bank0
   770     07B3  1708               	bsf	8,6	;volatile
   771     07B4                     l890:
   772                           
   773                           ;main.c: 226:                 if (RB4 ==0)
   774     07B4  1A06               	btfsc	6,4	;volatile
   775     07B5  2FB7               	goto	u481
   776     07B6  2FB8               	goto	u480
   777     07B7                     u481:
   778     07B7  2EE6               	goto	l73
   779     07B8                     u480:
   780     07B8                     l892:
   781                           
   782                           ;main.c: 227:                 {;main.c: 228:                     stato=11;
   783     07B8  300B               	movlw	11
   784     07B9  00FC               	movwf	_stato
   785     07BA  3000               	movlw	0
   786     07BB  00FD               	movwf	_stato+1
   787     07BC  2EE6               	goto	l73
   788     07BD                     l99:	
   789                           ;main.c: 232:             case 11:
   790                           
   791                           
   792                           ;main.c: 233:                 RD6 = 0;
   793     07BD  1283               	bcf	3,5	;RP0=0, select bank0
   794     07BE  1303               	bcf	3,6	;RP1=0, select bank0
   795     07BF  1308               	bcf	8,6	;volatile
   796                           
   797                           ;main.c: 234:                 RD5 = 0;
   798     07C0  1288               	bcf	8,5	;volatile
   799     07C1  2F4B               	goto	l868
   800     07C2                     l896:
   801                           
   802                           ; Switch on 2 bytes has been partitioned into a top level switch of size 1, and 1 sub-sw
      +                          itches
   803                           ; Switch size 1, requested type "simple"
   804                           ; Number of cases is 1, Range of values is 0 to 0
   805                           ; switch strategies available:
   806                           ; Name         Instructions Cycles
   807                           ; simple_byte            4     3 (average)
   808                           ; direct_byte           11     8 (fixed)
   809                           ; jumptable            260     6 (fixed)
   810                           ;	Chosen strategy is simple_byte
   811     07C2  3000               	movlw	0
   812     07C3  3A00               	xorlw	0	; case 0
   813     07C4  1903               	skipnz
   814     07C5  2FC7               	goto	l934
   815     07C6  2EE6               	goto	l73
   816     07C7                     l934:
   817                           
   818                           ; Switch size 1, requested type "simple"
   819                           ; Number of cases is 11, Range of values is 0 to 11
   820                           ; switch strategies available:
   821                           ; Name         Instructions Cycles
   822                           ; simple_byte           34    18 (average)
   823                           ; direct_byte           44     8 (fixed)
   824                           ; jumptable            260     6 (fixed)
   825                           ;	Chosen strategy is simple_byte
   826     07C7  3000               	movlw	0
   827     07C8  3A00               	xorlw	0	; case 0
   828     07C9  1903               	skipnz
   829     07CA  2EE9               	goto	l75
   830     07CB  3A01               	xorlw	1	; case 1
   831     07CC  1903               	skipnz
   832     07CD  2F00               	goto	l79
   833     07CE  3A03               	xorlw	3	; case 2
   834     07CF  1903               	skipnz
   835     07D0  2F30               	goto	l83
   836     07D1  3A01               	xorlw	1	; case 3
   837     07D2  1903               	skipnz
   838     07D3  2F37               	goto	l866
   839     07D4  3A07               	xorlw	7	; case 4
   840     07D5  1903               	skipnz
   841     07D6  2F4E               	goto	l86
   842     07D7  3A01               	xorlw	1	; case 5
   843     07D8  1903               	skipnz
   844     07D9  2F55               	goto	l88
   845     07DA  3A03               	xorlw	3	; case 6
   846     07DB  1903               	skipnz
   847     07DC  2F8F               	goto	l92
   848     07DD  3A01               	xorlw	1	; case 7
   849     07DE  1903               	skipnz
   850     07DF  2F9A               	goto	l94
   851     07E0  3A0F               	xorlw	15	; case 8
   852     07E1  1903               	skipnz
   853     07E2  2F4B               	goto	l868
   854     07E3  3A02               	xorlw	2	; case 10
   855     07E4  1903               	skipnz
   856     07E5  2FA1               	goto	l97
   857     07E6  3A01               	xorlw	1	; case 11
   858     07E7  1903               	skipnz
   859     07E8  2FBD               	goto	l99
   860     07E9  2EE6               	goto	l73
   861     07EA                     l78:
   862     07EA  2EE6               	goto	l73
   863     07EB  120A  118A  2801   	ljmp	start
   864     07EE                     __end_of_main:
   865                           
   866                           	psect	text1
   867     063E                     __ptext1:	
   868 ;; *************** function _Visualizza *****************
   869 ;; Defined at:
   870 ;;		line 90 in file "main.c"
   871 ;; Parameters:    Size  Location     Type
   872 ;;  display         2    0[COMMON] int 
   873 ;; Auto vars:     Size  Location     Type
   874 ;;  lettera        10    0[BANK0 ] int [5]
   875 ;; Return value:  Size  Location     Type
   876 ;;                  1    wreg      void 
   877 ;; Registers used:
   878 ;;		wreg, fsr0l, fsr0h, status,2, status,0
   879 ;; Tracked objects:
   880 ;;		On entry : 0/0
   881 ;;		On exit  : 0/0
   882 ;;		Unchanged: 0/0
   883 ;; Data sizes:     COMMON   BANK0   BANK1   BANK3   BANK2
   884 ;;      Params:         2       0       0       0       0
   885 ;;      Locals:         0      10       0       0       0
   886 ;;      Temps:          4       0       0       0       0
   887 ;;      Totals:         6      10       0       0       0
   888 ;;Total ram usage:       16 bytes
   889 ;; Hardware stack levels used: 1
   890 ;; This function calls:
   891 ;;		Nothing
   892 ;; This function is called by:
   893 ;;		_main
   894 ;; This function uses a non-reentrant model
   895 ;;
   896                           
   897     063E                     _Visualizza:	
   898                           ;psect for function _Visualizza
   899                           
   900     063E                     l822:	
   901                           ;incstack = 0
   902                           ; Regs used in _Visualizza: [wreg-fsr0h+status,2+status,0]
   903                           
   904                           
   905                           ;main.c: 90: void Visualizza (int display);main.c: 91: {;main.c: 92:     int lettera[5] 
      +                          = {0b01111110, 0b11100010, 0b11110010, 0b10101000, 0b10110000};
   906     063E  3020               	movlw	Visualizza@F1427& (0+255)
   907     063F  0084               	movwf	4
   908     0640  302A               	movlw	low Visualizza@lettera
   909     0641  00F3               	movwf	??_Visualizza
   910     0642  300A               	movlw	10
   911     0643  00F4               	movwf	??_Visualizza+1
   912     0644                     u330:
   913     0644  1383               	bcf	3,7	;select IRP bank0
   914     0645  0800               	movf	0,w
   915     0646  00F5               	movwf	??_Visualizza+2
   916     0647  0A04               	incf	4,w
   917     0648  00F6               	movwf	??_Visualizza+3
   918     0649  0873               	movf	??_Visualizza,w
   919     064A  0084               	movwf	4
   920     064B  0875               	movf	??_Visualizza+2,w
   921     064C  0080               	movwf	0
   922     064D  0A04               	incf	4,w
   923     064E  00F3               	movwf	??_Visualizza
   924     064F  0876               	movf	??_Visualizza+3,w
   925     0650  0084               	movwf	4
   926     0651  0BF4               	decfsz	??_Visualizza+1,f
   927     0652  2E44               	goto	u330
   928     0653                     l824:
   929                           
   930                           ;main.c: 94:     if(display == 1 )
   931     0653  0371               	decf	Visualizza@display,w
   932     0654  0472               	iorwf	Visualizza@display+1,w
   933     0655  1D03               	btfss	3,2
   934     0656  2E58               	goto	u341
   935     0657  2E59               	goto	u340
   936     0658                     u341:
   937     0658  2E5F               	goto	l828
   938     0659                     u340:
   939     0659                     l826:
   940                           
   941                           ;main.c: 95:     {;main.c: 96:         PORTC = lettera[0];
   942     0659  1283               	bcf	3,5	;RP0=0, select bank0
   943     065A  1303               	bcf	3,6	;RP1=0, select bank0
   944     065B  082A               	movf	Visualizza@lettera,w
   945     065C  0087               	movwf	7	;volatile
   946                           
   947                           ;main.c: 97:         PORTA = lettera[1];
   948     065D  082C               	movf	Visualizza@lettera+2,w
   949     065E  0085               	movwf	5	;volatile
   950     065F                     l828:
   951                           
   952                           ;main.c: 100:     if(display == 0 )
   953     065F  0871               	movf	Visualizza@display,w
   954     0660  0472               	iorwf	Visualizza@display+1,w
   955     0661  1D03               	btfss	3,2
   956     0662  2E64               	goto	u351
   957     0663  2E65               	goto	u350
   958     0664                     u351:
   959     0664  2E6B               	goto	l832
   960     0665                     u350:
   961     0665                     l830:
   962                           
   963                           ;main.c: 101:     {;main.c: 102:         PORTC = lettera[0];
   964     0665  1283               	bcf	3,5	;RP0=0, select bank0
   965     0666  1303               	bcf	3,6	;RP1=0, select bank0
   966     0667  082A               	movf	Visualizza@lettera,w
   967     0668  0087               	movwf	7	;volatile
   968                           
   969                           ;main.c: 103:         PORTA = lettera[3];
   970     0669  0830               	movf	Visualizza@lettera+6,w
   971     066A  0085               	movwf	5	;volatile
   972     066B                     l832:
   973                           
   974                           ;main.c: 106:     if(display == 2 )
   975     066B  3002               	movlw	2
   976     066C  0671               	xorwf	Visualizza@display,w
   977     066D  0472               	iorwf	Visualizza@display+1,w
   978     066E  1D03               	btfss	3,2
   979     066F  2E71               	goto	u361
   980     0670  2E72               	goto	u360
   981     0671                     u361:
   982     0671  2E78               	goto	l836
   983     0672                     u360:
   984     0672                     l834:
   985                           
   986                           ;main.c: 107:     {;main.c: 108:         PORTC = lettera[1];
   987     0672  1283               	bcf	3,5	;RP0=0, select bank0
   988     0673  1303               	bcf	3,6	;RP1=0, select bank0
   989     0674  082C               	movf	Visualizza@lettera+2,w
   990     0675  0087               	movwf	7	;volatile
   991                           
   992                           ;main.c: 109:         PORTA = lettera[4];
   993     0676  0832               	movf	Visualizza@lettera+8,w
   994     0677  0085               	movwf	5	;volatile
   995     0678                     l836:
   996                           
   997                           ;main.c: 112:     if(display == 3 )
   998     0678  3003               	movlw	3
   999     0679  0671               	xorwf	Visualizza@display,w
  1000     067A  0472               	iorwf	Visualizza@display+1,w
  1001     067B  1D03               	btfss	3,2
  1002     067C  2E7E               	goto	u371
  1003     067D  2E7F               	goto	u370
  1004     067E                     u371:
  1005     067E  2E85               	goto	l66
  1006     067F                     u370:
  1007     067F                     l838:
  1008                           
  1009                           ;main.c: 113:     {;main.c: 114:         PORTC = lettera[2];
  1010     067F  1283               	bcf	3,5	;RP0=0, select bank0
  1011     0680  1303               	bcf	3,6	;RP1=0, select bank0
  1012     0681  082E               	movf	Visualizza@lettera+4,w
  1013     0682  0087               	movwf	7	;volatile
  1014                           
  1015                           ;main.c: 115:         PORTA = lettera[3];
  1016     0683  0830               	movf	Visualizza@lettera+6,w
  1017     0684  0085               	movwf	5	;volatile
  1018     0685                     l66:
  1019     0685  0008               	return
  1020     0686                     __end_of_Visualizza:
  1021                           
  1022                           	psect	text2
  1023     0686                     __ptext2:	
  1024 ;; *************** function _Irrigazione *****************
  1025 ;; Defined at:
  1026 ;;		line 71 in file "main.c"
  1027 ;; Parameters:    Size  Location     Type
  1028 ;;  power           2    0[COMMON] int 
  1029 ;;  direzione       2    2[COMMON] int 
  1030 ;;  velocita        2    4[COMMON] int 
  1031 ;;  irrigazione     2    6[COMMON] int 
  1032 ;; Auto vars:     Size  Location     Type
  1033 ;;		None
  1034 ;; Return value:  Size  Location     Type
  1035 ;;                  1    wreg      void 
  1036 ;; Registers used:
  1037 ;;		wreg, status,2, status,0
  1038 ;; Tracked objects:
  1039 ;;		On entry : 0/0
  1040 ;;		On exit  : 0/0
  1041 ;;		Unchanged: 0/0
  1042 ;; Data sizes:     COMMON   BANK0   BANK1   BANK3   BANK2
  1043 ;;      Params:         8       0       0       0       0
  1044 ;;      Locals:         0       0       0       0       0
  1045 ;;      Temps:          0       0       0       0       0
  1046 ;;      Totals:         8       0       0       0       0
  1047 ;;Total ram usage:        8 bytes
  1048 ;; Hardware stack levels used: 1
  1049 ;; This function calls:
  1050 ;;		Nothing
  1051 ;; This function is called by:
  1052 ;;		_main
  1053 ;; This function uses a non-reentrant model
  1054 ;;
  1055                           
  1056     0686                     _Irrigazione:	
  1057                           ;psect for function _Irrigazione
  1058                           
  1059     0686                     l790:	
  1060                           ;incstack = 0
  1061                           ; Regs used in _Irrigazione: [wreg+status,2+status,0]
  1062                           
  1063                           
  1064                           ;main.c: 71: void Irrigazione(int power, int direzione, int velocita, int irrigazione);m
      +                          ain.c: 72: {;main.c: 74:     if(power == 1) RD4 = 1;
  1065     0686  0371               	decf	Irrigazione@power,w
  1066     0687  0472               	iorwf	Irrigazione@power+1,w
  1067     0688  1D03               	btfss	3,2
  1068     0689  2E8B               	goto	u251
  1069     068A  2E8C               	goto	u250
  1070     068B                     u251:
  1071     068B  2E8F               	goto	l794
  1072     068C                     u250:
  1073     068C                     l792:
  1074     068C  1283               	bcf	3,5	;RP0=0, select bank0
  1075     068D  1303               	bcf	3,6	;RP1=0, select bank0
  1076     068E  1608               	bsf	8,4	;volatile
  1077     068F                     l794:
  1078                           
  1079                           ;main.c: 75:     if(power == 0) RD4 = 0;
  1080     068F  0871               	movf	Irrigazione@power,w
  1081     0690  0472               	iorwf	Irrigazione@power+1,w
  1082     0691  1D03               	btfss	3,2
  1083     0692  2E94               	goto	u261
  1084     0693  2E95               	goto	u260
  1085     0694                     u261:
  1086     0694  2E98               	goto	l798
  1087     0695                     u260:
  1088     0695                     l796:
  1089     0695  1283               	bcf	3,5	;RP0=0, select bank0
  1090     0696  1303               	bcf	3,6	;RP1=0, select bank0
  1091     0697  1208               	bcf	8,4	;volatile
  1092     0698                     l798:
  1093                           
  1094                           ;main.c: 78:     if(direzione == 1) RD2 = 1;
  1095     0698  0373               	decf	Irrigazione@direzione,w
  1096     0699  0474               	iorwf	Irrigazione@direzione+1,w
  1097     069A  1D03               	btfss	3,2
  1098     069B  2E9D               	goto	u271
  1099     069C  2E9E               	goto	u270
  1100     069D                     u271:
  1101     069D  2EA1               	goto	l802
  1102     069E                     u270:
  1103     069E                     l800:
  1104     069E  1283               	bcf	3,5	;RP0=0, select bank0
  1105     069F  1303               	bcf	3,6	;RP1=0, select bank0
  1106     06A0  1508               	bsf	8,2	;volatile
  1107     06A1                     l802:
  1108                           
  1109                           ;main.c: 79:     if(direzione == 0) RD2 = 0;
  1110     06A1  0873               	movf	Irrigazione@direzione,w
  1111     06A2  0474               	iorwf	Irrigazione@direzione+1,w
  1112     06A3  1D03               	btfss	3,2
  1113     06A4  2EA6               	goto	u281
  1114     06A5  2EA7               	goto	u280
  1115     06A6                     u281:
  1116     06A6  2EAA               	goto	l806
  1117     06A7                     u280:
  1118     06A7                     l804:
  1119     06A7  1283               	bcf	3,5	;RP0=0, select bank0
  1120     06A8  1303               	bcf	3,6	;RP1=0, select bank0
  1121     06A9  1108               	bcf	8,2	;volatile
  1122     06AA                     l806:
  1123                           
  1124                           ;main.c: 82:     if(velocita == 0) RD3 = 0;
  1125     06AA  0875               	movf	Irrigazione@velocita,w
  1126     06AB  0476               	iorwf	Irrigazione@velocita+1,w
  1127     06AC  1D03               	btfss	3,2
  1128     06AD  2EAF               	goto	u291
  1129     06AE  2EB0               	goto	u290
  1130     06AF                     u291:
  1131     06AF  2EB3               	goto	l810
  1132     06B0                     u290:
  1133     06B0                     l808:
  1134     06B0  1283               	bcf	3,5	;RP0=0, select bank0
  1135     06B1  1303               	bcf	3,6	;RP1=0, select bank0
  1136     06B2  1188               	bcf	8,3	;volatile
  1137     06B3                     l810:
  1138                           
  1139                           ;main.c: 83:     if(velocita == 1) RD3 = 1;
  1140     06B3  0375               	decf	Irrigazione@velocita,w
  1141     06B4  0476               	iorwf	Irrigazione@velocita+1,w
  1142     06B5  1D03               	btfss	3,2
  1143     06B6  2EB8               	goto	u301
  1144     06B7  2EB9               	goto	u300
  1145     06B8                     u301:
  1146     06B8  2EBC               	goto	l814
  1147     06B9                     u300:
  1148     06B9                     l812:
  1149     06B9  1283               	bcf	3,5	;RP0=0, select bank0
  1150     06BA  1303               	bcf	3,6	;RP1=0, select bank0
  1151     06BB  1588               	bsf	8,3	;volatile
  1152     06BC                     l814:
  1153                           
  1154                           ;main.c: 86:     if(irrigazione == 1 ) RD7 = 1;
  1155     06BC  0377               	decf	Irrigazione@irrigazione,w
  1156     06BD  0478               	iorwf	Irrigazione@irrigazione+1,w
  1157     06BE  1D03               	btfss	3,2
  1158     06BF  2EC1               	goto	u311
  1159     06C0  2EC2               	goto	u310
  1160     06C1                     u311:
  1161     06C1  2EC5               	goto	l818
  1162     06C2                     u310:
  1163     06C2                     l816:
  1164     06C2  1283               	bcf	3,5	;RP0=0, select bank0
  1165     06C3  1303               	bcf	3,6	;RP1=0, select bank0
  1166     06C4  1788               	bsf	8,7	;volatile
  1167     06C5                     l818:
  1168                           
  1169                           ;main.c: 87:     if(irrigazione == 0) RD7 = 0;
  1170     06C5  0877               	movf	Irrigazione@irrigazione,w
  1171     06C6  0478               	iorwf	Irrigazione@irrigazione+1,w
  1172     06C7  1D03               	btfss	3,2
  1173     06C8  2ECA               	goto	u321
  1174     06C9  2ECB               	goto	u320
  1175     06CA                     u321:
  1176     06CA  2ECE               	goto	l57
  1177     06CB                     u320:
  1178     06CB                     l820:
  1179     06CB  1283               	bcf	3,5	;RP0=0, select bank0
  1180     06CC  1303               	bcf	3,6	;RP1=0, select bank0
  1181     06CD  1388               	bcf	8,7	;volatile
  1182     06CE                     l57:
  1183     06CE  0008               	return
  1184     06CF                     __end_of_Irrigazione:
  1185     0002                     ___latbits      equ	2
  1186     007E                     btemp           set	126	;btemp
  1187     007E                     wtemp0          set	126
  1188                           
  1189                           	psect	config
  1190                           
  1191                           ;Config register CONFIG1 @ 0x2007
  1192                           ;	Oscillator Selection bits
  1193                           ;	FOSC = INTRC_NOCLKOUT, INTOSCIO oscillator: I/O function on RA6/OSC2/CLKOUT pin, I/O f
      +                          unction on RA7/OSC1/CLKIN
  1194                           ;	Watchdog Timer Enable bit
  1195                           ;	WDTE = OFF, WDT disabled and can be enabled by SWDTEN bit of the WDTCON register
  1196                           ;	Power-up Timer Enable bit
  1197                           ;	PWRTE = OFF, PWRT disabled
  1198                           ;	RE3/MCLR pin function select bit
  1199                           ;	MCLRE = OFF, RE3/MCLR pin function is digital input, MCLR internally tied to VDD
  1200                           ;	Code Protection bit
  1201                           ;	CP = OFF, Program memory code protection is disabled
  1202                           ;	Data Code Protection bit
  1203                           ;	CPD = OFF, Data memory code protection is disabled
  1204                           ;	Brown Out Reset Selection bits
  1205                           ;	BOREN = OFF, BOR disabled
  1206                           ;	Internal External Switchover bit
  1207                           ;	IESO = OFF, Internal/External Switchover mode is disabled
  1208                           ;	Fail-Safe Clock Monitor Enabled bit
  1209                           ;	FCMEN = OFF, Fail-Safe Clock Monitor is disabled
  1210                           ;	Low Voltage Programming Enable bit
  1211                           ;	LVP = OFF, RB3 pin has digital I/O, HV on MCLR must be used for programming
  1212                           ;	In-Circuit Debugger Mode bit
  1213                           ;	DEBUG = 0x1, unprogrammed default
  1214     2007                     	org	8199
  1215     2007  20D4               	dw	8404
  1216                           
  1217                           ;Config register CONFIG2 @ 0x2008
  1218                           ;	Brown-out Reset Selection bit
  1219                           ;	BOR4V = BOR40V, Brown-out Reset set to 4.0V
  1220                           ;	Flash Program Memory Self Write Enable bits
  1221                           ;	WRT = OFF, Write protection off
  1222     2008                     	org	8200
  1223     2008  3FFF               	dw	16383

Data Sizes:
    Strings     0
    Constant    0
    Data        10
    BSS         0
    Persistent  2
    Stack       0

Auto Spaces:
    Space          Size  Autos    Used
    COMMON           13     11      13
    BANK0            80     10      20
    BANK1            80      0       0
    BANK3            85      0       0
    BANK2            96      0       0

Pointer List with Targets:

    None.

Critical Paths under _main in COMMON

    _main->_Irrigazione

Critical Paths under _main in BANK0

    _main->_Visualizza

Critical Paths under _main in BANK1

    None.

Critical Paths under _main in BANK3

    None.

Critical Paths under _main in BANK2

    None.

Call Graph Tables:

 ---------------------------------------------------------------------------------
 (Depth) Function   	        Calls       Base Space   Used Autos Params    Refs
 ---------------------------------------------------------------------------------
 (0) _main                                                 3     3      0     464
                                              8 COMMON     3     3      0
                        _Irrigazione
                         _Visualizza
 ---------------------------------------------------------------------------------
 (1) _Visualizza                                          16    14      2     272
                                              0 COMMON     6     4      2
                                              0 BANK0     10    10      0
 ---------------------------------------------------------------------------------
 (1) _Irrigazione                                          8     0      8     192
                                              0 COMMON     8     0      8
 ---------------------------------------------------------------------------------
 Estimated maximum stack depth 1
 ---------------------------------------------------------------------------------

 Call Graph Graphs:

 _main (ROOT)
   _Irrigazione
   _Visualizza

Address spaces:
Name               Size   Autos  Total    Usage
BANK3               85      0       0      0.0%
BITBANK3            85      0       0      0.0%
BANK2               96      0       0      0.0%
BITBANK2            96      0       0      0.0%
BANK1               80      0       0      0.0%
BITBANK1            80      0       0      0.0%
BANK0               80     10      20     25.0%
BITBANK0            80      0       0      0.0%
COMMON              13     11      13    100.0%
BITCOMMON           13      0       0      0.0%
DATA                 0      0      33      0.0%
STACK                0      0       0      0.0%


Microchip Technology PIC Macro Assembler V3.00 build 20241204225717 
Symbol Table                                                                                   Tue Apr 29 00:13:08 2025

                      pc 0002                       l80 0727                       l57 06CE  
                     l73 06E6                       l66 0685                       l83 0730  
                     l75 06E9                       l92 078F                       l94 079A  
                     l86 074E                       l78 07EA                       l79 0700  
                     l88 0755                       l97 07A1                       l89 0773  
                     l99 07BD                       fsr 0004                      l800 069E  
                    l810 06B3                      l802 06A1                      l820 06CB  
                    l812 06B9                      l804 06A7                      l814 06BC  
                    l806 06AA                      l830 0665                      l822 063E  
                    l816 06C2                      l808 06B0                      l832 066B  
                    l824 0653                      l840 06CF                      l818 06C5  
                    l834 0672                      l826 0659                      l850 06F3  
                    l842 06D8                      l836 0678                      l828 065F  
                    l860 0722                      l852 06F7                      l844 06DC  
                    l790 0686                      l838 067F                      l934 07C7  
                    l862 072B                      l854 06FB                      l846 06E2  
                    l792 068C                      l880 0795                      l872 075B  
                    l856 0706                      l848 06EF                      l794 068F  
                    l890 07B4                      l874 076E                      l866 0737  
                    l858 070F                      l796 0695                      l892 07B8  
                    l876 0777                      l868 074B                      l798 0698  
                    l886 07A4                      l878 078A                      l888 07B1  
                    l896 07C2                      _RB1 0031                      _RB2 0032  
                    _RB3 0033                      _RB4 0034                      _RD2 0042  
                    _RD3 0043                      _RD4 0044                      _RD5 0045  
                    _RD6 0046                      _RD7 0047                      u300 06B9  
                    u301 06B8                      u310 06C2                      u311 06C1  
                    u320 06CB                      u400 0706                      u321 06CA  
                    u401 0705                      u250 068C                      u330 0644  
                    u410 072B                      u251 068B                      u411 072A  
                    u260 0695                      u340 0659                      u420 0736  
                    u261 0694                      u341 0658                      u421 0735  
                    u270 069E                      u350 0665                      u430 0754  
                    u271 069D                      u351 0664                      u431 0753  
                    u280 06A7                      u360 0672                      u440 075B  
                    u281 06A6                      u361 0671                      u441 075A  
                    u290 06B0                      u370 067F                      u450 0777  
                    u291 06AF                      u371 067E                      u451 0776  
                    u460 0795                      u380 06EF                      u461 0794  
                    u381 06EE                      u470 07A0                      u390 06FB  
                    u471 079F                      u391 06FA                      u480 07B8  
                    u481 07B7                      u497 07AA                      fsr0 0004  
                    indf 0000         Irrigazione@power 0071                     _main 06CF  
                   btemp 007E                     start 0001                    ?_main 0071  
                  _ANSEL 0188                    _PORTA 0005                    _PORTB 0006  
                  _PORTC 0007                    _PORTD 0008                    _TRISA 0085  
                  _TRISB 0086                    _TRISC 0087                    _TRISD 0088  
                  _stato 007C                    pclath 000A                    status 0003  
                  wtemp0 007E          __initialization 07EE             __end_of_main 07EE  
          ??_Irrigazione 0079                   ??_main 0079                   _ANSELH 0189  
                 _INTCON 000B      __end_of_Irrigazione 06CF  __end_of__initialization 07FC  
             _Visualizza 063E           __pcstackCOMMON 0071             __pidataBANK0 0621  
             __pnvCOMMON 007C               __pmaintext 06CF              _Irrigazione 0686  
    Irrigazione@velocita 0075              ?_Visualizza 0071                  __ptext1 063E  
                __ptext2 0686     end_of_initialization 07FC          Visualizza@F1427 0020  
    start_initialization 07EE               init_fetch0 062B             ?_Irrigazione 0071  
            __pdataBANK0 0020                ___latbits 0002            __pcstackBANK0 002A  
           ??_Visualizza 0073     Irrigazione@direzione 0073       __end_of_Visualizza 0686  
 Irrigazione@irrigazione 0077                 init_ram0 062F        Visualizza@display 0071  
      Visualizza@lettera 002A               _OPTION_REG 0081  
